<?xml version="1.0" encoding="utf-8"?>
<CoverageSession xmlns:xsd="http://www.w3.org/2001/XMLSchema" xmlns:xsi="http://www.w3.org/2001/XMLSchema-instance" Version="4.6.0.0">
  <Summary numSequencePoints="445" visitedSequencePoints="291" numBranchPoints="123" visitedBranchPoints="76" sequenceCoverage="65.39" branchCoverage="61.79" maxCyclomaticComplexity="8" minCyclomaticComplexity="1" maxCrapScore="72" minCrapScore="1" visitedClasses="3" numClasses="6" visitedMethods="46" numMethods="62" />
  <Modules>
    <Module hash="D3-38-B2-FE-76-F6-89-04-45-05-49-34-34-FE-D2-8B-D0-BF-93-6A">
      <Summary numSequencePoints="179" visitedSequencePoints="176" numBranchPoints="31" visitedBranchPoints="30" sequenceCoverage="98.32" branchCoverage="96.77" maxCyclomaticComplexity="1" minCyclomaticComplexity="0" maxCrapScore="2" minCrapScore="0" visitedClasses="1" numClasses="1" visitedMethods="30" numMethods="31" />
      <ModulePath>D:\1 - Etudes - OK\UQAC\8INF846 - Intelligence artificielle\Travail #1\8INF846-TD1\cMovementTest\bin\Debug\cMovementTest.dll</ModulePath>
      <ModuleTime>2021-02-06T17:44:20.4520429Z</ModuleTime>
      <ModuleName>cMovementTest</ModuleName>
      <Files>
        <File uid="1" fullPath="D:\1 - Etudes - OK\UQAC\8INF846 - Intelligence artificielle\Travail #1\8INF846-TD1\cMovementTest\cEnvironmentTest.cs" />
      </Files>
      <Classes>
        <Class>
          <Summary numSequencePoints="179" visitedSequencePoints="176" numBranchPoints="31" visitedBranchPoints="30" sequenceCoverage="98.32" branchCoverage="96.77" maxCyclomaticComplexity="1" minCyclomaticComplexity="1" maxCrapScore="2" minCrapScore="1" visitedClasses="1" numClasses="1" visitedMethods="30" numMethods="31" />
          <FullName>cMovementTest.cEnvironmentTest</FullName>
          <Methods>
            <Method visited="false" cyclomaticComplexity="1" nPathComplexity="0" sequenceCoverage="0" branchCoverage="0" crapScore="2" isConstructor="false" isStatic="false" isGetter="true" isSetter="false">
              <Summary numSequencePoints="3" visitedSequencePoints="0" numBranchPoints="1" visitedBranchPoints="0" sequenceCoverage="0" branchCoverage="0" maxCyclomaticComplexity="1" minCyclomaticComplexity="1" maxCrapScore="2" minCrapScore="2" visitedClasses="0" numClasses="0" visitedMethods="0" numMethods="1" />
              <MetadataToken>100663298</MetadataToken>
              <Name>Microsoft.VisualStudio.TestTools.UnitTesting.TestContext cMovementTest.cEnvironmentTest::get_TestContext()</Name>
              <FileRef uid="1" />
              <SequencePoints>
                <SequencePoint vc="0" uspid="1" ordinal="0" offset="0" sl="32" sc="13" el="32" ec="14" bec="0" bev="0" fileid="1" />
                <SequencePoint vc="0" uspid="2" ordinal="1" offset="1" sl="33" sc="17" el="33" ec="44" bec="0" bev="0" fileid="1" />
                <SequencePoint vc="0" uspid="3" ordinal="2" offset="10" sl="34" sc="13" el="34" ec="14" bec="0" bev="0" fileid="1" />
              </SequencePoints>
              <BranchPoints />
              <MethodPoint xsi:type="SequencePoint" vc="0" uspid="1" ordinal="0" offset="0" sl="32" sc="13" el="32" ec="14" bec="0" bev="0" fileid="1" />
            </Method>
            <Method visited="true" cyclomaticComplexity="1" nPathComplexity="0" sequenceCoverage="100" branchCoverage="100" crapScore="1" isConstructor="false" isStatic="false" isGetter="false" isSetter="true">
              <Summary numSequencePoints="3" visitedSequencePoints="3" numBranchPoints="1" visitedBranchPoints="1" sequenceCoverage="100" branchCoverage="100" maxCyclomaticComplexity="1" minCyclomaticComplexity="1" maxCrapScore="1" minCrapScore="1" visitedClasses="0" numClasses="0" visitedMethods="1" numMethods="1" />
              <MetadataToken>100663299</MetadataToken>
              <Name>System.Void cMovementTest.cEnvironmentTest::set_TestContext(Microsoft.VisualStudio.TestTools.UnitTesting.TestContext)</Name>
              <FileRef uid="1" />
              <SequencePoints>
                <SequencePoint vc="28" uspid="4" ordinal="0" offset="0" sl="36" sc="13" el="36" ec="14" bec="0" bev="0" fileid="1" />
                <SequencePoint vc="28" uspid="5" ordinal="1" offset="1" sl="37" sc="17" el="37" ec="45" bec="0" bev="0" fileid="1" />
                <SequencePoint vc="28" uspid="6" ordinal="2" offset="8" sl="38" sc="13" el="38" ec="14" bec="0" bev="0" fileid="1" />
              </SequencePoints>
              <BranchPoints />
              <MethodPoint xsi:type="SequencePoint" vc="28" uspid="4" ordinal="0" offset="0" sl="36" sc="13" el="36" ec="14" bec="0" bev="0" fileid="1" />
            </Method>
            <Method visited="true" cyclomaticComplexity="1" nPathComplexity="0" sequenceCoverage="100" branchCoverage="100" crapScore="1" isConstructor="true" isStatic="false" isGetter="false" isSetter="false">
              <Summary numSequencePoints="3" visitedSequencePoints="3" numBranchPoints="1" visitedBranchPoints="1" sequenceCoverage="100" branchCoverage="100" maxCyclomaticComplexity="1" minCyclomaticComplexity="1" maxCrapScore="1" minCrapScore="1" visitedClasses="0" numClasses="0" visitedMethods="1" numMethods="1" />
              <MetadataToken>100663297</MetadataToken>
              <Name>System.Void cMovementTest.cEnvironmentTest::.ctor()</Name>
              <FileRef uid="1" />
              <SequencePoints>
                <SequencePoint vc="28" uspid="7" ordinal="0" offset="0" sl="16" sc="9" el="16" ec="34" bec="0" bev="0" fileid="1" />
                <SequencePoint vc="28" uspid="8" ordinal="1" offset="7" sl="17" sc="9" el="17" ec="10" bec="0" bev="0" fileid="1" />
                <SequencePoint vc="28" uspid="9" ordinal="2" offset="8" sl="21" sc="9" el="21" ec="10" bec="0" bev="0" fileid="1" />
              </SequencePoints>
              <BranchPoints />
              <MethodPoint xsi:type="SequencePoint" vc="28" uspid="7" ordinal="0" offset="0" sl="16" sc="9" el="16" ec="34" bec="0" bev="0" fileid="1" />
            </Method>
            <Method visited="true" cyclomaticComplexity="1" nPathComplexity="0" sequenceCoverage="100" branchCoverage="100" crapScore="1" isConstructor="false" isStatic="false" isGetter="false" isSetter="false">
              <Summary numSequencePoints="6" visitedSequencePoints="6" numBranchPoints="1" visitedBranchPoints="1" sequenceCoverage="100" branchCoverage="100" maxCyclomaticComplexity="1" minCyclomaticComplexity="1" maxCrapScore="1" minCrapScore="1" visitedClasses="0" numClasses="0" visitedMethods="1" numMethods="1" />
              <MetadataToken>100663300</MetadataToken>
              <Name>System.Void cMovementTest.cEnvironmentTest::T_EnvironmentCopy()</Name>
              <FileRef uid="1" />
              <SequencePoints>
                <SequencePoint vc="1" uspid="10" ordinal="0" offset="0" sl="65" sc="9" el="65" ec="10" bec="0" bev="0" fileid="1">
                  <TrackedMethodRefs>
                    <TrackedMethodRef uid="1" vc="1" />
                  </TrackedMethodRefs>
                </SequencePoint>
                <SequencePoint vc="1" uspid="11" ordinal="1" offset="1" sl="67" sc="13" el="67" ec="64" bec="0" bev="0" fileid="1">
                  <TrackedMethodRefs>
                    <TrackedMethodRef uid="1" vc="1" />
                  </TrackedMethodRefs>
                </SequencePoint>
                <SequencePoint vc="1" uspid="12" ordinal="2" offset="9" sl="70" sc="13" el="70" ec="72" bec="0" bev="0" fileid="1">
                  <TrackedMethodRefs>
                    <TrackedMethodRef uid="1" vc="1" />
                  </TrackedMethodRefs>
                </SequencePoint>
                <SequencePoint vc="1" uspid="13" ordinal="3" offset="16" sl="71" sc="13" el="71" ec="51" bec="0" bev="0" fileid="1">
                  <TrackedMethodRefs>
                    <TrackedMethodRef uid="1" vc="1" />
                  </TrackedMethodRefs>
                </SequencePoint>
                <SequencePoint vc="1" uspid="14" ordinal="4" offset="24" sl="75" sc="13" el="75" ec="56" bec="0" bev="0" fileid="1">
                  <TrackedMethodRefs>
                    <TrackedMethodRef uid="1" vc="1" />
                  </TrackedMethodRefs>
                </SequencePoint>
                <SequencePoint vc="1" uspid="15" ordinal="5" offset="39" sl="76" sc="9" el="76" ec="10" bec="0" bev="0" fileid="1">
                  <TrackedMethodRefs>
                    <TrackedMethodRef uid="1" vc="1" />
                  </TrackedMethodRefs>
                </SequencePoint>
              </SequencePoints>
              <BranchPoints />
              <MethodPoint xsi:type="SequencePoint" vc="1" uspid="10" ordinal="0" offset="0" sl="65" sc="9" el="65" ec="10" bec="0" bev="0" fileid="1">
                <TrackedMethodRefs>
                  <TrackedMethodRef uid="1" vc="1" />
                </TrackedMethodRefs>
              </MethodPoint>
            </Method>
            <Method visited="true" cyclomaticComplexity="1" nPathComplexity="0" sequenceCoverage="100" branchCoverage="100" crapScore="1" isConstructor="false" isStatic="false" isGetter="false" isSetter="false">
              <Summary numSequencePoints="7" visitedSequencePoints="7" numBranchPoints="1" visitedBranchPoints="1" sequenceCoverage="100" branchCoverage="100" maxCyclomaticComplexity="1" minCyclomaticComplexity="1" maxCrapScore="1" minCrapScore="1" visitedClasses="0" numClasses="0" visitedMethods="1" numMethods="1" />
              <MetadataToken>100663301</MetadataToken>
              <Name>System.Void cMovementTest.cEnvironmentTest::T_EnvironmentCopy_TestingOnBoard()</Name>
              <FileRef uid="1" />
              <SequencePoints>
                <SequencePoint vc="1" uspid="16" ordinal="0" offset="0" sl="80" sc="9" el="80" ec="10" bec="0" bev="0" fileid="1">
                  <TrackedMethodRefs>
                    <TrackedMethodRef uid="2" vc="1" />
                  </TrackedMethodRefs>
                </SequencePoint>
                <SequencePoint vc="1" uspid="17" ordinal="1" offset="1" sl="82" sc="13" el="88" ec="15" bec="0" bev="0" fileid="1">
                  <TrackedMethodRefs>
                    <TrackedMethodRef uid="2" vc="1" />
                  </TrackedMethodRefs>
                </SequencePoint>
                <SequencePoint vc="1" uspid="18" ordinal="2" offset="20" sl="90" sc="13" el="90" ec="73" bec="0" bev="0" fileid="1">
                  <TrackedMethodRefs>
                    <TrackedMethodRef uid="2" vc="1" />
                  </TrackedMethodRefs>
                </SequencePoint>
                <SequencePoint vc="1" uspid="19" ordinal="3" offset="29" sl="93" sc="13" el="93" ec="72" bec="0" bev="0" fileid="1">
                  <TrackedMethodRefs>
                    <TrackedMethodRef uid="2" vc="1" />
                  </TrackedMethodRefs>
                </SequencePoint>
                <SequencePoint vc="1" uspid="20" ordinal="4" offset="36" sl="94" sc="13" el="94" ec="52" bec="0" bev="0" fileid="1">
                  <TrackedMethodRefs>
                    <TrackedMethodRef uid="2" vc="1" />
                  </TrackedMethodRefs>
                </SequencePoint>
                <SequencePoint vc="1" uspid="21" ordinal="5" offset="44" sl="98" sc="13" el="98" ec="66" bec="0" bev="0" fileid="1">
                  <TrackedMethodRefs>
                    <TrackedMethodRef uid="2" vc="1" />
                  </TrackedMethodRefs>
                </SequencePoint>
                <SequencePoint vc="1" uspid="22" ordinal="6" offset="67" sl="99" sc="9" el="99" ec="10" bec="0" bev="0" fileid="1">
                  <TrackedMethodRefs>
                    <TrackedMethodRef uid="2" vc="1" />
                  </TrackedMethodRefs>
                </SequencePoint>
              </SequencePoints>
              <BranchPoints />
              <MethodPoint xsi:type="SequencePoint" vc="1" uspid="16" ordinal="0" offset="0" sl="80" sc="9" el="80" ec="10" bec="0" bev="0" fileid="1">
                <TrackedMethodRefs>
                  <TrackedMethodRef uid="2" vc="1" />
                </TrackedMethodRefs>
              </MethodPoint>
            </Method>
            <Method visited="true" cyclomaticComplexity="1" nPathComplexity="0" sequenceCoverage="100" branchCoverage="100" crapScore="1" isConstructor="false" isStatic="false" isGetter="false" isSetter="false">
              <Summary numSequencePoints="7" visitedSequencePoints="7" numBranchPoints="1" visitedBranchPoints="1" sequenceCoverage="100" branchCoverage="100" maxCyclomaticComplexity="1" minCyclomaticComplexity="1" maxCrapScore="1" minCrapScore="1" visitedClasses="0" numClasses="0" visitedMethods="1" numMethods="1" />
              <MetadataToken>100663302</MetadataToken>
              <Name>System.Void cMovementTest.cEnvironmentTest::T_InitializeEnvironment()</Name>
              <FileRef uid="1" />
              <SequencePoints>
                <SequencePoint vc="1" uspid="23" ordinal="0" offset="0" sl="103" sc="9" el="103" ec="10" bec="0" bev="0" fileid="1">
                  <TrackedMethodRefs>
                    <TrackedMethodRef uid="3" vc="1" />
                  </TrackedMethodRefs>
                </SequencePoint>
                <SequencePoint vc="1" uspid="24" ordinal="1" offset="1" sl="105" sc="13" el="111" ec="15" bec="0" bev="0" fileid="1">
                  <TrackedMethodRefs>
                    <TrackedMethodRef uid="3" vc="1" />
                  </TrackedMethodRefs>
                </SequencePoint>
                <SequencePoint vc="1" uspid="25" ordinal="2" offset="20" sl="114" sc="13" el="114" ec="58" bec="0" bev="0" fileid="1">
                  <TrackedMethodRefs>
                    <TrackedMethodRef uid="3" vc="1" />
                  </TrackedMethodRefs>
                </SequencePoint>
                <SequencePoint vc="1" uspid="26" ordinal="3" offset="28" sl="115" sc="13" el="115" ec="59" bec="0" bev="0" fileid="1">
                  <TrackedMethodRefs>
                    <TrackedMethodRef uid="3" vc="1" />
                  </TrackedMethodRefs>
                </SequencePoint>
                <SequencePoint vc="1" uspid="27" ordinal="4" offset="35" sl="116" sc="13" el="116" ec="77" bec="0" bev="0" fileid="1">
                  <TrackedMethodRefs>
                    <TrackedMethodRef uid="3" vc="1" />
                  </TrackedMethodRefs>
                </SequencePoint>
                <SequencePoint vc="1" uspid="28" ordinal="5" offset="57" sl="119" sc="13" el="119" ec="57" bec="0" bev="0" fileid="1">
                  <TrackedMethodRefs>
                    <TrackedMethodRef uid="3" vc="1" />
                  </TrackedMethodRefs>
                </SequencePoint>
                <SequencePoint vc="1" uspid="29" ordinal="6" offset="65" sl="120" sc="9" el="120" ec="10" bec="0" bev="0" fileid="1">
                  <TrackedMethodRefs>
                    <TrackedMethodRef uid="3" vc="1" />
                  </TrackedMethodRefs>
                </SequencePoint>
              </SequencePoints>
              <BranchPoints />
              <MethodPoint xsi:type="SequencePoint" vc="1" uspid="23" ordinal="0" offset="0" sl="103" sc="9" el="103" ec="10" bec="0" bev="0" fileid="1">
                <TrackedMethodRefs>
                  <TrackedMethodRef uid="3" vc="1" />
                </TrackedMethodRefs>
              </MethodPoint>
            </Method>
            <Method visited="true" cyclomaticComplexity="1" nPathComplexity="0" sequenceCoverage="100" branchCoverage="100" crapScore="1" isConstructor="false" isStatic="false" isGetter="false" isSetter="false">
              <Summary numSequencePoints="6" visitedSequencePoints="6" numBranchPoints="1" visitedBranchPoints="1" sequenceCoverage="100" branchCoverage="100" maxCyclomaticComplexity="1" minCyclomaticComplexity="1" maxCrapScore="1" minCrapScore="1" visitedClasses="0" numClasses="0" visitedMethods="1" numMethods="1" />
              <MetadataToken>100663303</MetadataToken>
              <Name>System.Void cMovementTest.cEnvironmentTest::T_PickUp_Both()</Name>
              <FileRef uid="1" />
              <SequencePoints>
                <SequencePoint vc="1" uspid="30" ordinal="0" offset="0" sl="124" sc="9" el="124" ec="10" bec="0" bev="0" fileid="1">
                  <TrackedMethodRefs>
                    <TrackedMethodRef uid="4" vc="1" />
                  </TrackedMethodRefs>
                </SequencePoint>
                <SequencePoint vc="1" uspid="31" ordinal="1" offset="1" sl="126" sc="13" el="132" ec="15" bec="0" bev="0" fileid="1">
                  <TrackedMethodRefs>
                    <TrackedMethodRef uid="4" vc="1" />
                  </TrackedMethodRefs>
                </SequencePoint>
                <SequencePoint vc="1" uspid="32" ordinal="2" offset="20" sl="133" sc="13" el="133" ec="78" bec="0" bev="0" fileid="1">
                  <TrackedMethodRefs>
                    <TrackedMethodRef uid="4" vc="1" />
                  </TrackedMethodRefs>
                </SequencePoint>
                <SequencePoint vc="1" uspid="33" ordinal="3" offset="29" sl="136" sc="13" el="136" ec="46" bec="0" bev="0" fileid="1">
                  <TrackedMethodRefs>
                    <TrackedMethodRef uid="4" vc="1" />
                  </TrackedMethodRefs>
                </SequencePoint>
                <SequencePoint vc="1" uspid="34" ordinal="4" offset="37" sl="139" sc="13" el="139" ec="60" bec="0" bev="0" fileid="1">
                  <TrackedMethodRefs>
                    <TrackedMethodRef uid="4" vc="1" />
                  </TrackedMethodRefs>
                </SequencePoint>
                <SequencePoint vc="1" uspid="35" ordinal="5" offset="58" sl="141" sc="9" el="141" ec="10" bec="0" bev="0" fileid="1">
                  <TrackedMethodRefs>
                    <TrackedMethodRef uid="4" vc="1" />
                  </TrackedMethodRefs>
                </SequencePoint>
              </SequencePoints>
              <BranchPoints />
              <MethodPoint xsi:type="SequencePoint" vc="1" uspid="30" ordinal="0" offset="0" sl="124" sc="9" el="124" ec="10" bec="0" bev="0" fileid="1">
                <TrackedMethodRefs>
                  <TrackedMethodRef uid="4" vc="1" />
                </TrackedMethodRefs>
              </MethodPoint>
            </Method>
            <Method visited="true" cyclomaticComplexity="1" nPathComplexity="0" sequenceCoverage="100" branchCoverage="100" crapScore="1" isConstructor="false" isStatic="false" isGetter="false" isSetter="false">
              <Summary numSequencePoints="6" visitedSequencePoints="6" numBranchPoints="1" visitedBranchPoints="1" sequenceCoverage="100" branchCoverage="100" maxCyclomaticComplexity="1" minCyclomaticComplexity="1" maxCrapScore="1" minCrapScore="1" visitedClasses="0" numClasses="0" visitedMethods="1" numMethods="1" />
              <MetadataToken>100663304</MetadataToken>
              <Name>System.Void cMovementTest.cEnvironmentTest::T_PickUp_Dust()</Name>
              <FileRef uid="1" />
              <SequencePoints>
                <SequencePoint vc="1" uspid="36" ordinal="0" offset="0" sl="145" sc="9" el="145" ec="10" bec="0" bev="0" fileid="1">
                  <TrackedMethodRefs>
                    <TrackedMethodRef uid="5" vc="1" />
                  </TrackedMethodRefs>
                </SequencePoint>
                <SequencePoint vc="1" uspid="37" ordinal="1" offset="1" sl="147" sc="13" el="153" ec="15" bec="0" bev="0" fileid="1">
                  <TrackedMethodRefs>
                    <TrackedMethodRef uid="5" vc="1" />
                  </TrackedMethodRefs>
                </SequencePoint>
                <SequencePoint vc="1" uspid="38" ordinal="2" offset="20" sl="154" sc="13" el="154" ec="78" bec="0" bev="0" fileid="1">
                  <TrackedMethodRefs>
                    <TrackedMethodRef uid="5" vc="1" />
                  </TrackedMethodRefs>
                </SequencePoint>
                <SequencePoint vc="1" uspid="39" ordinal="3" offset="29" sl="157" sc="13" el="157" ec="46" bec="0" bev="0" fileid="1">
                  <TrackedMethodRefs>
                    <TrackedMethodRef uid="5" vc="1" />
                  </TrackedMethodRefs>
                </SequencePoint>
                <SequencePoint vc="1" uspid="40" ordinal="4" offset="37" sl="160" sc="13" el="160" ec="60" bec="0" bev="0" fileid="1">
                  <TrackedMethodRefs>
                    <TrackedMethodRef uid="5" vc="1" />
                  </TrackedMethodRefs>
                </SequencePoint>
                <SequencePoint vc="1" uspid="41" ordinal="5" offset="58" sl="162" sc="9" el="162" ec="10" bec="0" bev="0" fileid="1">
                  <TrackedMethodRefs>
                    <TrackedMethodRef uid="5" vc="1" />
                  </TrackedMethodRefs>
                </SequencePoint>
              </SequencePoints>
              <BranchPoints />
              <MethodPoint xsi:type="SequencePoint" vc="1" uspid="36" ordinal="0" offset="0" sl="145" sc="9" el="145" ec="10" bec="0" bev="0" fileid="1">
                <TrackedMethodRefs>
                  <TrackedMethodRef uid="5" vc="1" />
                </TrackedMethodRefs>
              </MethodPoint>
            </Method>
            <Method visited="true" cyclomaticComplexity="1" nPathComplexity="0" sequenceCoverage="100" branchCoverage="100" crapScore="1" isConstructor="false" isStatic="false" isGetter="false" isSetter="false">
              <Summary numSequencePoints="6" visitedSequencePoints="6" numBranchPoints="1" visitedBranchPoints="1" sequenceCoverage="100" branchCoverage="100" maxCyclomaticComplexity="1" minCyclomaticComplexity="1" maxCrapScore="1" minCrapScore="1" visitedClasses="0" numClasses="0" visitedMethods="1" numMethods="1" />
              <MetadataToken>100663305</MetadataToken>
              <Name>System.Void cMovementTest.cEnvironmentTest::T_PickUp_Jewel()</Name>
              <FileRef uid="1" />
              <SequencePoints>
                <SequencePoint vc="1" uspid="42" ordinal="0" offset="0" sl="166" sc="9" el="166" ec="10" bec="0" bev="0" fileid="1">
                  <TrackedMethodRefs>
                    <TrackedMethodRef uid="6" vc="1" />
                  </TrackedMethodRefs>
                </SequencePoint>
                <SequencePoint vc="1" uspid="43" ordinal="1" offset="1" sl="168" sc="13" el="174" ec="15" bec="0" bev="0" fileid="1">
                  <TrackedMethodRefs>
                    <TrackedMethodRef uid="6" vc="1" />
                  </TrackedMethodRefs>
                </SequencePoint>
                <SequencePoint vc="1" uspid="44" ordinal="2" offset="20" sl="175" sc="13" el="175" ec="78" bec="0" bev="0" fileid="1">
                  <TrackedMethodRefs>
                    <TrackedMethodRef uid="6" vc="1" />
                  </TrackedMethodRefs>
                </SequencePoint>
                <SequencePoint vc="1" uspid="45" ordinal="3" offset="29" sl="178" sc="13" el="178" ec="46" bec="0" bev="0" fileid="1">
                  <TrackedMethodRefs>
                    <TrackedMethodRef uid="6" vc="1" />
                  </TrackedMethodRefs>
                </SequencePoint>
                <SequencePoint vc="1" uspid="46" ordinal="4" offset="37" sl="181" sc="13" el="181" ec="60" bec="0" bev="0" fileid="1">
                  <TrackedMethodRefs>
                    <TrackedMethodRef uid="6" vc="1" />
                  </TrackedMethodRefs>
                </SequencePoint>
                <SequencePoint vc="1" uspid="47" ordinal="5" offset="58" sl="183" sc="9" el="183" ec="10" bec="0" bev="0" fileid="1">
                  <TrackedMethodRefs>
                    <TrackedMethodRef uid="6" vc="1" />
                  </TrackedMethodRefs>
                </SequencePoint>
              </SequencePoints>
              <BranchPoints />
              <MethodPoint xsi:type="SequencePoint" vc="1" uspid="42" ordinal="0" offset="0" sl="166" sc="9" el="166" ec="10" bec="0" bev="0" fileid="1">
                <TrackedMethodRefs>
                  <TrackedMethodRef uid="6" vc="1" />
                </TrackedMethodRefs>
              </MethodPoint>
            </Method>
            <Method visited="true" cyclomaticComplexity="1" nPathComplexity="0" sequenceCoverage="100" branchCoverage="100" crapScore="1" isConstructor="false" isStatic="false" isGetter="false" isSetter="false">
              <Summary numSequencePoints="6" visitedSequencePoints="6" numBranchPoints="1" visitedBranchPoints="1" sequenceCoverage="100" branchCoverage="100" maxCyclomaticComplexity="1" minCyclomaticComplexity="1" maxCrapScore="1" minCrapScore="1" visitedClasses="0" numClasses="0" visitedMethods="1" numMethods="1" />
              <MetadataToken>100663306</MetadataToken>
              <Name>System.Void cMovementTest.cEnvironmentTest::T_PickUp_Empty()</Name>
              <FileRef uid="1" />
              <SequencePoints>
                <SequencePoint vc="1" uspid="48" ordinal="0" offset="0" sl="187" sc="9" el="187" ec="10" bec="0" bev="0" fileid="1">
                  <TrackedMethodRefs>
                    <TrackedMethodRef uid="7" vc="1" />
                  </TrackedMethodRefs>
                </SequencePoint>
                <SequencePoint vc="1" uspid="49" ordinal="1" offset="1" sl="189" sc="13" el="195" ec="15" bec="0" bev="0" fileid="1">
                  <TrackedMethodRefs>
                    <TrackedMethodRef uid="7" vc="1" />
                  </TrackedMethodRefs>
                </SequencePoint>
                <SequencePoint vc="1" uspid="50" ordinal="2" offset="20" sl="196" sc="13" el="196" ec="78" bec="0" bev="0" fileid="1">
                  <TrackedMethodRefs>
                    <TrackedMethodRef uid="7" vc="1" />
                  </TrackedMethodRefs>
                </SequencePoint>
                <SequencePoint vc="1" uspid="51" ordinal="3" offset="29" sl="199" sc="13" el="199" ec="46" bec="0" bev="0" fileid="1">
                  <TrackedMethodRefs>
                    <TrackedMethodRef uid="7" vc="1" />
                  </TrackedMethodRefs>
                </SequencePoint>
                <SequencePoint vc="1" uspid="52" ordinal="4" offset="37" sl="202" sc="13" el="202" ec="60" bec="0" bev="0" fileid="1">
                  <TrackedMethodRefs>
                    <TrackedMethodRef uid="7" vc="1" />
                  </TrackedMethodRefs>
                </SequencePoint>
                <SequencePoint vc="1" uspid="53" ordinal="5" offset="58" sl="204" sc="9" el="204" ec="10" bec="0" bev="0" fileid="1">
                  <TrackedMethodRefs>
                    <TrackedMethodRef uid="7" vc="1" />
                  </TrackedMethodRefs>
                </SequencePoint>
              </SequencePoints>
              <BranchPoints />
              <MethodPoint xsi:type="SequencePoint" vc="1" uspid="48" ordinal="0" offset="0" sl="187" sc="9" el="187" ec="10" bec="0" bev="0" fileid="1">
                <TrackedMethodRefs>
                  <TrackedMethodRef uid="7" vc="1" />
                </TrackedMethodRefs>
              </MethodPoint>
            </Method>
            <Method visited="true" cyclomaticComplexity="1" nPathComplexity="0" sequenceCoverage="100" branchCoverage="100" crapScore="1" isConstructor="false" isStatic="false" isGetter="false" isSetter="false">
              <Summary numSequencePoints="6" visitedSequencePoints="6" numBranchPoints="1" visitedBranchPoints="1" sequenceCoverage="100" branchCoverage="100" maxCyclomaticComplexity="1" minCyclomaticComplexity="1" maxCrapScore="1" minCrapScore="1" visitedClasses="0" numClasses="0" visitedMethods="1" numMethods="1" />
              <MetadataToken>100663307</MetadataToken>
              <Name>System.Void cMovementTest.cEnvironmentTest::T_MoveAgent_Right()</Name>
              <FileRef uid="1" />
              <SequencePoints>
                <SequencePoint vc="1" uspid="54" ordinal="0" offset="0" sl="208" sc="9" el="208" ec="10" bec="0" bev="0" fileid="1">
                  <TrackedMethodRefs>
                    <TrackedMethodRef uid="8" vc="1" />
                  </TrackedMethodRefs>
                </SequencePoint>
                <SequencePoint vc="1" uspid="55" ordinal="1" offset="1" sl="210" sc="13" el="216" ec="15" bec="0" bev="0" fileid="1">
                  <TrackedMethodRefs>
                    <TrackedMethodRef uid="8" vc="1" />
                  </TrackedMethodRefs>
                </SequencePoint>
                <SequencePoint vc="1" uspid="56" ordinal="2" offset="20" sl="217" sc="13" el="217" ec="78" bec="0" bev="0" fileid="1">
                  <TrackedMethodRefs>
                    <TrackedMethodRef uid="8" vc="1" />
                  </TrackedMethodRefs>
                </SequencePoint>
                <SequencePoint vc="1" uspid="57" ordinal="3" offset="29" sl="220" sc="13" el="220" ec="45" bec="0" bev="0" fileid="1">
                  <TrackedMethodRefs>
                    <TrackedMethodRef uid="8" vc="1" />
                  </TrackedMethodRefs>
                </SequencePoint>
                <SequencePoint vc="1" uspid="58" ordinal="4" offset="37" sl="223" sc="13" el="226" ec="15" bec="0" bev="0" fileid="1">
                  <TrackedMethodRefs>
                    <TrackedMethodRef uid="8" vc="1" />
                  </TrackedMethodRefs>
                </SequencePoint>
                <SequencePoint vc="1" uspid="59" ordinal="5" offset="67" sl="228" sc="9" el="228" ec="10" bec="0" bev="0" fileid="1">
                  <TrackedMethodRefs>
                    <TrackedMethodRef uid="8" vc="1" />
                  </TrackedMethodRefs>
                </SequencePoint>
              </SequencePoints>
              <BranchPoints />
              <MethodPoint xsi:type="SequencePoint" vc="1" uspid="54" ordinal="0" offset="0" sl="208" sc="9" el="208" ec="10" bec="0" bev="0" fileid="1">
                <TrackedMethodRefs>
                  <TrackedMethodRef uid="8" vc="1" />
                </TrackedMethodRefs>
              </MethodPoint>
            </Method>
            <Method visited="true" cyclomaticComplexity="1" nPathComplexity="0" sequenceCoverage="100" branchCoverage="100" crapScore="1" isConstructor="false" isStatic="false" isGetter="false" isSetter="false">
              <Summary numSequencePoints="6" visitedSequencePoints="6" numBranchPoints="1" visitedBranchPoints="1" sequenceCoverage="100" branchCoverage="100" maxCyclomaticComplexity="1" minCyclomaticComplexity="1" maxCrapScore="1" minCrapScore="1" visitedClasses="0" numClasses="0" visitedMethods="1" numMethods="1" />
              <MetadataToken>100663308</MetadataToken>
              <Name>System.Void cMovementTest.cEnvironmentTest::T_MoveAgent_Left()</Name>
              <FileRef uid="1" />
              <SequencePoints>
                <SequencePoint vc="1" uspid="60" ordinal="0" offset="0" sl="232" sc="9" el="232" ec="10" bec="0" bev="0" fileid="1">
                  <TrackedMethodRefs>
                    <TrackedMethodRef uid="9" vc="1" />
                  </TrackedMethodRefs>
                </SequencePoint>
                <SequencePoint vc="1" uspid="61" ordinal="1" offset="1" sl="234" sc="13" el="240" ec="15" bec="0" bev="0" fileid="1">
                  <TrackedMethodRefs>
                    <TrackedMethodRef uid="9" vc="1" />
                  </TrackedMethodRefs>
                </SequencePoint>
                <SequencePoint vc="1" uspid="62" ordinal="2" offset="20" sl="241" sc="13" el="241" ec="78" bec="0" bev="0" fileid="1">
                  <TrackedMethodRefs>
                    <TrackedMethodRef uid="9" vc="1" />
                  </TrackedMethodRefs>
                </SequencePoint>
                <SequencePoint vc="1" uspid="63" ordinal="3" offset="29" sl="244" sc="13" el="244" ec="44" bec="0" bev="0" fileid="1">
                  <TrackedMethodRefs>
                    <TrackedMethodRef uid="9" vc="1" />
                  </TrackedMethodRefs>
                </SequencePoint>
                <SequencePoint vc="1" uspid="64" ordinal="4" offset="37" sl="247" sc="13" el="250" ec="15" bec="0" bev="0" fileid="1">
                  <TrackedMethodRefs>
                    <TrackedMethodRef uid="9" vc="1" />
                  </TrackedMethodRefs>
                </SequencePoint>
                <SequencePoint vc="1" uspid="65" ordinal="5" offset="67" sl="252" sc="9" el="252" ec="10" bec="0" bev="0" fileid="1">
                  <TrackedMethodRefs>
                    <TrackedMethodRef uid="9" vc="1" />
                  </TrackedMethodRefs>
                </SequencePoint>
              </SequencePoints>
              <BranchPoints />
              <MethodPoint xsi:type="SequencePoint" vc="1" uspid="60" ordinal="0" offset="0" sl="232" sc="9" el="232" ec="10" bec="0" bev="0" fileid="1">
                <TrackedMethodRefs>
                  <TrackedMethodRef uid="9" vc="1" />
                </TrackedMethodRefs>
              </MethodPoint>
            </Method>
            <Method visited="true" cyclomaticComplexity="1" nPathComplexity="0" sequenceCoverage="100" branchCoverage="100" crapScore="1" isConstructor="false" isStatic="false" isGetter="false" isSetter="false">
              <Summary numSequencePoints="6" visitedSequencePoints="6" numBranchPoints="1" visitedBranchPoints="1" sequenceCoverage="100" branchCoverage="100" maxCyclomaticComplexity="1" minCyclomaticComplexity="1" maxCrapScore="1" minCrapScore="1" visitedClasses="0" numClasses="0" visitedMethods="1" numMethods="1" />
              <MetadataToken>100663309</MetadataToken>
              <Name>System.Void cMovementTest.cEnvironmentTest::T_MoveAgent_Up()</Name>
              <FileRef uid="1" />
              <SequencePoints>
                <SequencePoint vc="1" uspid="66" ordinal="0" offset="0" sl="256" sc="9" el="256" ec="10" bec="0" bev="0" fileid="1">
                  <TrackedMethodRefs>
                    <TrackedMethodRef uid="10" vc="1" />
                  </TrackedMethodRefs>
                </SequencePoint>
                <SequencePoint vc="1" uspid="67" ordinal="1" offset="1" sl="258" sc="13" el="264" ec="15" bec="0" bev="0" fileid="1">
                  <TrackedMethodRefs>
                    <TrackedMethodRef uid="10" vc="1" />
                  </TrackedMethodRefs>
                </SequencePoint>
                <SequencePoint vc="1" uspid="68" ordinal="2" offset="20" sl="265" sc="13" el="265" ec="78" bec="0" bev="0" fileid="1">
                  <TrackedMethodRefs>
                    <TrackedMethodRef uid="10" vc="1" />
                  </TrackedMethodRefs>
                </SequencePoint>
                <SequencePoint vc="1" uspid="69" ordinal="3" offset="29" sl="268" sc="13" el="268" ec="42" bec="0" bev="0" fileid="1">
                  <TrackedMethodRefs>
                    <TrackedMethodRef uid="10" vc="1" />
                  </TrackedMethodRefs>
                </SequencePoint>
                <SequencePoint vc="1" uspid="70" ordinal="4" offset="37" sl="271" sc="13" el="274" ec="15" bec="0" bev="0" fileid="1">
                  <TrackedMethodRefs>
                    <TrackedMethodRef uid="10" vc="1" />
                  </TrackedMethodRefs>
                </SequencePoint>
                <SequencePoint vc="1" uspid="71" ordinal="5" offset="67" sl="276" sc="9" el="276" ec="10" bec="0" bev="0" fileid="1">
                  <TrackedMethodRefs>
                    <TrackedMethodRef uid="10" vc="1" />
                  </TrackedMethodRefs>
                </SequencePoint>
              </SequencePoints>
              <BranchPoints />
              <MethodPoint xsi:type="SequencePoint" vc="1" uspid="66" ordinal="0" offset="0" sl="256" sc="9" el="256" ec="10" bec="0" bev="0" fileid="1">
                <TrackedMethodRefs>
                  <TrackedMethodRef uid="10" vc="1" />
                </TrackedMethodRefs>
              </MethodPoint>
            </Method>
            <Method visited="true" cyclomaticComplexity="1" nPathComplexity="0" sequenceCoverage="100" branchCoverage="100" crapScore="1" isConstructor="false" isStatic="false" isGetter="false" isSetter="false">
              <Summary numSequencePoints="6" visitedSequencePoints="6" numBranchPoints="1" visitedBranchPoints="1" sequenceCoverage="100" branchCoverage="100" maxCyclomaticComplexity="1" minCyclomaticComplexity="1" maxCrapScore="1" minCrapScore="1" visitedClasses="0" numClasses="0" visitedMethods="1" numMethods="1" />
              <MetadataToken>100663310</MetadataToken>
              <Name>System.Void cMovementTest.cEnvironmentTest::T_MoveAgent_Down()</Name>
              <FileRef uid="1" />
              <SequencePoints>
                <SequencePoint vc="1" uspid="72" ordinal="0" offset="0" sl="280" sc="9" el="280" ec="10" bec="0" bev="0" fileid="1">
                  <TrackedMethodRefs>
                    <TrackedMethodRef uid="11" vc="1" />
                  </TrackedMethodRefs>
                </SequencePoint>
                <SequencePoint vc="1" uspid="73" ordinal="1" offset="1" sl="282" sc="13" el="288" ec="15" bec="0" bev="0" fileid="1">
                  <TrackedMethodRefs>
                    <TrackedMethodRef uid="11" vc="1" />
                  </TrackedMethodRefs>
                </SequencePoint>
                <SequencePoint vc="1" uspid="74" ordinal="2" offset="20" sl="289" sc="13" el="289" ec="78" bec="0" bev="0" fileid="1">
                  <TrackedMethodRefs>
                    <TrackedMethodRef uid="11" vc="1" />
                  </TrackedMethodRefs>
                </SequencePoint>
                <SequencePoint vc="1" uspid="75" ordinal="3" offset="29" sl="292" sc="13" el="292" ec="44" bec="0" bev="0" fileid="1">
                  <TrackedMethodRefs>
                    <TrackedMethodRef uid="11" vc="1" />
                  </TrackedMethodRefs>
                </SequencePoint>
                <SequencePoint vc="1" uspid="76" ordinal="4" offset="37" sl="295" sc="13" el="298" ec="15" bec="0" bev="0" fileid="1">
                  <TrackedMethodRefs>
                    <TrackedMethodRef uid="11" vc="1" />
                  </TrackedMethodRefs>
                </SequencePoint>
                <SequencePoint vc="1" uspid="77" ordinal="5" offset="67" sl="300" sc="9" el="300" ec="10" bec="0" bev="0" fileid="1">
                  <TrackedMethodRefs>
                    <TrackedMethodRef uid="11" vc="1" />
                  </TrackedMethodRefs>
                </SequencePoint>
              </SequencePoints>
              <BranchPoints />
              <MethodPoint xsi:type="SequencePoint" vc="1" uspid="72" ordinal="0" offset="0" sl="280" sc="9" el="280" ec="10" bec="0" bev="0" fileid="1">
                <TrackedMethodRefs>
                  <TrackedMethodRef uid="11" vc="1" />
                </TrackedMethodRefs>
              </MethodPoint>
            </Method>
            <Method visited="true" cyclomaticComplexity="1" nPathComplexity="0" sequenceCoverage="100" branchCoverage="100" crapScore="1" isConstructor="false" isStatic="false" isGetter="false" isSetter="false">
              <Summary numSequencePoints="6" visitedSequencePoints="6" numBranchPoints="1" visitedBranchPoints="1" sequenceCoverage="100" branchCoverage="100" maxCyclomaticComplexity="1" minCyclomaticComplexity="1" maxCrapScore="1" minCrapScore="1" visitedClasses="0" numClasses="0" visitedMethods="1" numMethods="1" />
              <MetadataToken>100663311</MetadataToken>
              <Name>System.Void cMovementTest.cEnvironmentTest::T_IsPotentialMoveOutOfBounds_Up_True()</Name>
              <FileRef uid="1" />
              <SequencePoints>
                <SequencePoint vc="1" uspid="78" ordinal="0" offset="0" sl="304" sc="9" el="304" ec="10" bec="0" bev="0" fileid="1">
                  <TrackedMethodRefs>
                    <TrackedMethodRef uid="12" vc="1" />
                  </TrackedMethodRefs>
                </SequencePoint>
                <SequencePoint vc="1" uspid="79" ordinal="1" offset="1" sl="306" sc="13" el="312" ec="15" bec="0" bev="0" fileid="1">
                  <TrackedMethodRefs>
                    <TrackedMethodRef uid="12" vc="1" />
                  </TrackedMethodRefs>
                </SequencePoint>
                <SequencePoint vc="1" uspid="80" ordinal="2" offset="20" sl="313" sc="13" el="313" ec="78" bec="0" bev="0" fileid="1">
                  <TrackedMethodRefs>
                    <TrackedMethodRef uid="12" vc="1" />
                  </TrackedMethodRefs>
                </SequencePoint>
                <SequencePoint vc="1" uspid="81" ordinal="3" offset="29" sl="316" sc="13" el="316" ec="80" bec="0" bev="0" fileid="1">
                  <TrackedMethodRefs>
                    <TrackedMethodRef uid="12" vc="1" />
                  </TrackedMethodRefs>
                </SequencePoint>
                <SequencePoint vc="1" uspid="82" ordinal="4" offset="37" sl="319" sc="13" el="319" ec="42" bec="0" bev="0" fileid="1">
                  <TrackedMethodRefs>
                    <TrackedMethodRef uid="12" vc="1" />
                  </TrackedMethodRefs>
                </SequencePoint>
                <SequencePoint vc="1" uspid="83" ordinal="5" offset="44" sl="320" sc="9" el="320" ec="10" bec="0" bev="0" fileid="1">
                  <TrackedMethodRefs>
                    <TrackedMethodRef uid="12" vc="1" />
                  </TrackedMethodRefs>
                </SequencePoint>
              </SequencePoints>
              <BranchPoints />
              <MethodPoint xsi:type="SequencePoint" vc="1" uspid="78" ordinal="0" offset="0" sl="304" sc="9" el="304" ec="10" bec="0" bev="0" fileid="1">
                <TrackedMethodRefs>
                  <TrackedMethodRef uid="12" vc="1" />
                </TrackedMethodRefs>
              </MethodPoint>
            </Method>
            <Method visited="true" cyclomaticComplexity="1" nPathComplexity="0" sequenceCoverage="100" branchCoverage="100" crapScore="1" isConstructor="false" isStatic="false" isGetter="false" isSetter="false">
              <Summary numSequencePoints="6" visitedSequencePoints="6" numBranchPoints="1" visitedBranchPoints="1" sequenceCoverage="100" branchCoverage="100" maxCyclomaticComplexity="1" minCyclomaticComplexity="1" maxCrapScore="1" minCrapScore="1" visitedClasses="0" numClasses="0" visitedMethods="1" numMethods="1" />
              <MetadataToken>100663312</MetadataToken>
              <Name>System.Void cMovementTest.cEnvironmentTest::T_IsPotentialMoveOutOfBounds_Up_False()</Name>
              <FileRef uid="1" />
              <SequencePoints>
                <SequencePoint vc="1" uspid="84" ordinal="0" offset="0" sl="324" sc="9" el="324" ec="10" bec="0" bev="0" fileid="1">
                  <TrackedMethodRefs>
                    <TrackedMethodRef uid="13" vc="1" />
                  </TrackedMethodRefs>
                </SequencePoint>
                <SequencePoint vc="1" uspid="85" ordinal="1" offset="1" sl="326" sc="13" el="332" ec="15" bec="0" bev="0" fileid="1">
                  <TrackedMethodRefs>
                    <TrackedMethodRef uid="13" vc="1" />
                  </TrackedMethodRefs>
                </SequencePoint>
                <SequencePoint vc="1" uspid="86" ordinal="2" offset="20" sl="333" sc="13" el="333" ec="78" bec="0" bev="0" fileid="1">
                  <TrackedMethodRefs>
                    <TrackedMethodRef uid="13" vc="1" />
                  </TrackedMethodRefs>
                </SequencePoint>
                <SequencePoint vc="1" uspid="87" ordinal="3" offset="29" sl="336" sc="13" el="336" ec="80" bec="0" bev="0" fileid="1">
                  <TrackedMethodRefs>
                    <TrackedMethodRef uid="13" vc="1" />
                  </TrackedMethodRefs>
                </SequencePoint>
                <SequencePoint vc="1" uspid="88" ordinal="4" offset="37" sl="339" sc="13" el="339" ec="43" bec="0" bev="0" fileid="1">
                  <TrackedMethodRefs>
                    <TrackedMethodRef uid="13" vc="1" />
                  </TrackedMethodRefs>
                </SequencePoint>
                <SequencePoint vc="1" uspid="89" ordinal="5" offset="44" sl="340" sc="9" el="340" ec="10" bec="0" bev="0" fileid="1">
                  <TrackedMethodRefs>
                    <TrackedMethodRef uid="13" vc="1" />
                  </TrackedMethodRefs>
                </SequencePoint>
              </SequencePoints>
              <BranchPoints />
              <MethodPoint xsi:type="SequencePoint" vc="1" uspid="84" ordinal="0" offset="0" sl="324" sc="9" el="324" ec="10" bec="0" bev="0" fileid="1">
                <TrackedMethodRefs>
                  <TrackedMethodRef uid="13" vc="1" />
                </TrackedMethodRefs>
              </MethodPoint>
            </Method>
            <Method visited="true" cyclomaticComplexity="1" nPathComplexity="0" sequenceCoverage="100" branchCoverage="100" crapScore="1" isConstructor="false" isStatic="false" isGetter="false" isSetter="false">
              <Summary numSequencePoints="6" visitedSequencePoints="6" numBranchPoints="1" visitedBranchPoints="1" sequenceCoverage="100" branchCoverage="100" maxCyclomaticComplexity="1" minCyclomaticComplexity="1" maxCrapScore="1" minCrapScore="1" visitedClasses="0" numClasses="0" visitedMethods="1" numMethods="1" />
              <MetadataToken>100663313</MetadataToken>
              <Name>System.Void cMovementTest.cEnvironmentTest::T_IsPotentialMoveOutOfBounds_Down_True()</Name>
              <FileRef uid="1" />
              <SequencePoints>
                <SequencePoint vc="1" uspid="90" ordinal="0" offset="0" sl="344" sc="9" el="344" ec="10" bec="0" bev="0" fileid="1">
                  <TrackedMethodRefs>
                    <TrackedMethodRef uid="14" vc="1" />
                  </TrackedMethodRefs>
                </SequencePoint>
                <SequencePoint vc="1" uspid="91" ordinal="1" offset="1" sl="346" sc="13" el="352" ec="15" bec="0" bev="0" fileid="1">
                  <TrackedMethodRefs>
                    <TrackedMethodRef uid="14" vc="1" />
                  </TrackedMethodRefs>
                </SequencePoint>
                <SequencePoint vc="1" uspid="92" ordinal="2" offset="20" sl="353" sc="13" el="353" ec="78" bec="0" bev="0" fileid="1">
                  <TrackedMethodRefs>
                    <TrackedMethodRef uid="14" vc="1" />
                  </TrackedMethodRefs>
                </SequencePoint>
                <SequencePoint vc="1" uspid="93" ordinal="3" offset="29" sl="356" sc="13" el="356" ec="82" bec="0" bev="0" fileid="1">
                  <TrackedMethodRefs>
                    <TrackedMethodRef uid="14" vc="1" />
                  </TrackedMethodRefs>
                </SequencePoint>
                <SequencePoint vc="1" uspid="94" ordinal="4" offset="37" sl="359" sc="13" el="359" ec="42" bec="0" bev="0" fileid="1">
                  <TrackedMethodRefs>
                    <TrackedMethodRef uid="14" vc="1" />
                  </TrackedMethodRefs>
                </SequencePoint>
                <SequencePoint vc="1" uspid="95" ordinal="5" offset="44" sl="360" sc="9" el="360" ec="10" bec="0" bev="0" fileid="1">
                  <TrackedMethodRefs>
                    <TrackedMethodRef uid="14" vc="1" />
                  </TrackedMethodRefs>
                </SequencePoint>
              </SequencePoints>
              <BranchPoints />
              <MethodPoint xsi:type="SequencePoint" vc="1" uspid="90" ordinal="0" offset="0" sl="344" sc="9" el="344" ec="10" bec="0" bev="0" fileid="1">
                <TrackedMethodRefs>
                  <TrackedMethodRef uid="14" vc="1" />
                </TrackedMethodRefs>
              </MethodPoint>
            </Method>
            <Method visited="true" cyclomaticComplexity="1" nPathComplexity="0" sequenceCoverage="100" branchCoverage="100" crapScore="1" isConstructor="false" isStatic="false" isGetter="false" isSetter="false">
              <Summary numSequencePoints="6" visitedSequencePoints="6" numBranchPoints="1" visitedBranchPoints="1" sequenceCoverage="100" branchCoverage="100" maxCyclomaticComplexity="1" minCyclomaticComplexity="1" maxCrapScore="1" minCrapScore="1" visitedClasses="0" numClasses="0" visitedMethods="1" numMethods="1" />
              <MetadataToken>100663314</MetadataToken>
              <Name>System.Void cMovementTest.cEnvironmentTest::T_IsPotentialMoveOutOfBounds_Down_False()</Name>
              <FileRef uid="1" />
              <SequencePoints>
                <SequencePoint vc="1" uspid="96" ordinal="0" offset="0" sl="364" sc="9" el="364" ec="10" bec="0" bev="0" fileid="1">
                  <TrackedMethodRefs>
                    <TrackedMethodRef uid="15" vc="1" />
                  </TrackedMethodRefs>
                </SequencePoint>
                <SequencePoint vc="1" uspid="97" ordinal="1" offset="1" sl="366" sc="13" el="372" ec="15" bec="0" bev="0" fileid="1">
                  <TrackedMethodRefs>
                    <TrackedMethodRef uid="15" vc="1" />
                  </TrackedMethodRefs>
                </SequencePoint>
                <SequencePoint vc="1" uspid="98" ordinal="2" offset="20" sl="373" sc="13" el="373" ec="78" bec="0" bev="0" fileid="1">
                  <TrackedMethodRefs>
                    <TrackedMethodRef uid="15" vc="1" />
                  </TrackedMethodRefs>
                </SequencePoint>
                <SequencePoint vc="1" uspid="99" ordinal="3" offset="29" sl="376" sc="13" el="376" ec="82" bec="0" bev="0" fileid="1">
                  <TrackedMethodRefs>
                    <TrackedMethodRef uid="15" vc="1" />
                  </TrackedMethodRefs>
                </SequencePoint>
                <SequencePoint vc="1" uspid="100" ordinal="4" offset="37" sl="379" sc="13" el="379" ec="43" bec="0" bev="0" fileid="1">
                  <TrackedMethodRefs>
                    <TrackedMethodRef uid="15" vc="1" />
                  </TrackedMethodRefs>
                </SequencePoint>
                <SequencePoint vc="1" uspid="101" ordinal="5" offset="44" sl="380" sc="9" el="380" ec="10" bec="0" bev="0" fileid="1">
                  <TrackedMethodRefs>
                    <TrackedMethodRef uid="15" vc="1" />
                  </TrackedMethodRefs>
                </SequencePoint>
              </SequencePoints>
              <BranchPoints />
              <MethodPoint xsi:type="SequencePoint" vc="1" uspid="96" ordinal="0" offset="0" sl="364" sc="9" el="364" ec="10" bec="0" bev="0" fileid="1">
                <TrackedMethodRefs>
                  <TrackedMethodRef uid="15" vc="1" />
                </TrackedMethodRefs>
              </MethodPoint>
            </Method>
            <Method visited="true" cyclomaticComplexity="1" nPathComplexity="0" sequenceCoverage="100" branchCoverage="100" crapScore="1" isConstructor="false" isStatic="false" isGetter="false" isSetter="false">
              <Summary numSequencePoints="6" visitedSequencePoints="6" numBranchPoints="1" visitedBranchPoints="1" sequenceCoverage="100" branchCoverage="100" maxCyclomaticComplexity="1" minCyclomaticComplexity="1" maxCrapScore="1" minCrapScore="1" visitedClasses="0" numClasses="0" visitedMethods="1" numMethods="1" />
              <MetadataToken>100663315</MetadataToken>
              <Name>System.Void cMovementTest.cEnvironmentTest::T_IsPotentialMoveOutOfBounds_Left_True()</Name>
              <FileRef uid="1" />
              <SequencePoints>
                <SequencePoint vc="1" uspid="102" ordinal="0" offset="0" sl="384" sc="9" el="384" ec="10" bec="0" bev="0" fileid="1">
                  <TrackedMethodRefs>
                    <TrackedMethodRef uid="16" vc="1" />
                  </TrackedMethodRefs>
                </SequencePoint>
                <SequencePoint vc="1" uspid="103" ordinal="1" offset="1" sl="386" sc="13" el="392" ec="15" bec="0" bev="0" fileid="1">
                  <TrackedMethodRefs>
                    <TrackedMethodRef uid="16" vc="1" />
                  </TrackedMethodRefs>
                </SequencePoint>
                <SequencePoint vc="1" uspid="104" ordinal="2" offset="20" sl="393" sc="13" el="393" ec="78" bec="0" bev="0" fileid="1">
                  <TrackedMethodRefs>
                    <TrackedMethodRef uid="16" vc="1" />
                  </TrackedMethodRefs>
                </SequencePoint>
                <SequencePoint vc="1" uspid="105" ordinal="3" offset="29" sl="396" sc="13" el="396" ec="82" bec="0" bev="0" fileid="1">
                  <TrackedMethodRefs>
                    <TrackedMethodRef uid="16" vc="1" />
                  </TrackedMethodRefs>
                </SequencePoint>
                <SequencePoint vc="1" uspid="106" ordinal="4" offset="37" sl="399" sc="13" el="399" ec="42" bec="0" bev="0" fileid="1">
                  <TrackedMethodRefs>
                    <TrackedMethodRef uid="16" vc="1" />
                  </TrackedMethodRefs>
                </SequencePoint>
                <SequencePoint vc="1" uspid="107" ordinal="5" offset="44" sl="400" sc="9" el="400" ec="10" bec="0" bev="0" fileid="1">
                  <TrackedMethodRefs>
                    <TrackedMethodRef uid="16" vc="1" />
                  </TrackedMethodRefs>
                </SequencePoint>
              </SequencePoints>
              <BranchPoints />
              <MethodPoint xsi:type="SequencePoint" vc="1" uspid="102" ordinal="0" offset="0" sl="384" sc="9" el="384" ec="10" bec="0" bev="0" fileid="1">
                <TrackedMethodRefs>
                  <TrackedMethodRef uid="16" vc="1" />
                </TrackedMethodRefs>
              </MethodPoint>
            </Method>
            <Method visited="true" cyclomaticComplexity="1" nPathComplexity="0" sequenceCoverage="100" branchCoverage="100" crapScore="1" isConstructor="false" isStatic="false" isGetter="false" isSetter="false">
              <Summary numSequencePoints="6" visitedSequencePoints="6" numBranchPoints="1" visitedBranchPoints="1" sequenceCoverage="100" branchCoverage="100" maxCyclomaticComplexity="1" minCyclomaticComplexity="1" maxCrapScore="1" minCrapScore="1" visitedClasses="0" numClasses="0" visitedMethods="1" numMethods="1" />
              <MetadataToken>100663316</MetadataToken>
              <Name>System.Void cMovementTest.cEnvironmentTest::T_IsPotentialMoveOutOfBounds_Left_False()</Name>
              <FileRef uid="1" />
              <SequencePoints>
                <SequencePoint vc="1" uspid="108" ordinal="0" offset="0" sl="404" sc="9" el="404" ec="10" bec="0" bev="0" fileid="1">
                  <TrackedMethodRefs>
                    <TrackedMethodRef uid="17" vc="1" />
                  </TrackedMethodRefs>
                </SequencePoint>
                <SequencePoint vc="1" uspid="109" ordinal="1" offset="1" sl="406" sc="13" el="412" ec="15" bec="0" bev="0" fileid="1">
                  <TrackedMethodRefs>
                    <TrackedMethodRef uid="17" vc="1" />
                  </TrackedMethodRefs>
                </SequencePoint>
                <SequencePoint vc="1" uspid="110" ordinal="2" offset="20" sl="413" sc="13" el="413" ec="78" bec="0" bev="0" fileid="1">
                  <TrackedMethodRefs>
                    <TrackedMethodRef uid="17" vc="1" />
                  </TrackedMethodRefs>
                </SequencePoint>
                <SequencePoint vc="1" uspid="111" ordinal="3" offset="29" sl="416" sc="13" el="416" ec="82" bec="0" bev="0" fileid="1">
                  <TrackedMethodRefs>
                    <TrackedMethodRef uid="17" vc="1" />
                  </TrackedMethodRefs>
                </SequencePoint>
                <SequencePoint vc="1" uspid="112" ordinal="4" offset="37" sl="419" sc="13" el="419" ec="43" bec="0" bev="0" fileid="1">
                  <TrackedMethodRefs>
                    <TrackedMethodRef uid="17" vc="1" />
                  </TrackedMethodRefs>
                </SequencePoint>
                <SequencePoint vc="1" uspid="113" ordinal="5" offset="44" sl="420" sc="9" el="420" ec="10" bec="0" bev="0" fileid="1">
                  <TrackedMethodRefs>
                    <TrackedMethodRef uid="17" vc="1" />
                  </TrackedMethodRefs>
                </SequencePoint>
              </SequencePoints>
              <BranchPoints />
              <MethodPoint xsi:type="SequencePoint" vc="1" uspid="108" ordinal="0" offset="0" sl="404" sc="9" el="404" ec="10" bec="0" bev="0" fileid="1">
                <TrackedMethodRefs>
                  <TrackedMethodRef uid="17" vc="1" />
                </TrackedMethodRefs>
              </MethodPoint>
            </Method>
            <Method visited="true" cyclomaticComplexity="1" nPathComplexity="0" sequenceCoverage="100" branchCoverage="100" crapScore="1" isConstructor="false" isStatic="false" isGetter="false" isSetter="false">
              <Summary numSequencePoints="6" visitedSequencePoints="6" numBranchPoints="1" visitedBranchPoints="1" sequenceCoverage="100" branchCoverage="100" maxCyclomaticComplexity="1" minCyclomaticComplexity="1" maxCrapScore="1" minCrapScore="1" visitedClasses="0" numClasses="0" visitedMethods="1" numMethods="1" />
              <MetadataToken>100663317</MetadataToken>
              <Name>System.Void cMovementTest.cEnvironmentTest::T_IsPotentialMoveOutOfBounds_Right_True()</Name>
              <FileRef uid="1" />
              <SequencePoints>
                <SequencePoint vc="1" uspid="114" ordinal="0" offset="0" sl="424" sc="9" el="424" ec="10" bec="0" bev="0" fileid="1">
                  <TrackedMethodRefs>
                    <TrackedMethodRef uid="18" vc="1" />
                  </TrackedMethodRefs>
                </SequencePoint>
                <SequencePoint vc="1" uspid="115" ordinal="1" offset="1" sl="426" sc="13" el="432" ec="15" bec="0" bev="0" fileid="1">
                  <TrackedMethodRefs>
                    <TrackedMethodRef uid="18" vc="1" />
                  </TrackedMethodRefs>
                </SequencePoint>
                <SequencePoint vc="1" uspid="116" ordinal="2" offset="20" sl="433" sc="13" el="433" ec="78" bec="0" bev="0" fileid="1">
                  <TrackedMethodRefs>
                    <TrackedMethodRef uid="18" vc="1" />
                  </TrackedMethodRefs>
                </SequencePoint>
                <SequencePoint vc="1" uspid="117" ordinal="3" offset="29" sl="436" sc="13" el="436" ec="83" bec="0" bev="0" fileid="1">
                  <TrackedMethodRefs>
                    <TrackedMethodRef uid="18" vc="1" />
                  </TrackedMethodRefs>
                </SequencePoint>
                <SequencePoint vc="1" uspid="118" ordinal="4" offset="37" sl="439" sc="13" el="439" ec="42" bec="0" bev="0" fileid="1">
                  <TrackedMethodRefs>
                    <TrackedMethodRef uid="18" vc="1" />
                  </TrackedMethodRefs>
                </SequencePoint>
                <SequencePoint vc="1" uspid="119" ordinal="5" offset="44" sl="440" sc="9" el="440" ec="10" bec="0" bev="0" fileid="1">
                  <TrackedMethodRefs>
                    <TrackedMethodRef uid="18" vc="1" />
                  </TrackedMethodRefs>
                </SequencePoint>
              </SequencePoints>
              <BranchPoints />
              <MethodPoint xsi:type="SequencePoint" vc="1" uspid="114" ordinal="0" offset="0" sl="424" sc="9" el="424" ec="10" bec="0" bev="0" fileid="1">
                <TrackedMethodRefs>
                  <TrackedMethodRef uid="18" vc="1" />
                </TrackedMethodRefs>
              </MethodPoint>
            </Method>
            <Method visited="true" cyclomaticComplexity="1" nPathComplexity="0" sequenceCoverage="100" branchCoverage="100" crapScore="1" isConstructor="false" isStatic="false" isGetter="false" isSetter="false">
              <Summary numSequencePoints="6" visitedSequencePoints="6" numBranchPoints="1" visitedBranchPoints="1" sequenceCoverage="100" branchCoverage="100" maxCyclomaticComplexity="1" minCyclomaticComplexity="1" maxCrapScore="1" minCrapScore="1" visitedClasses="0" numClasses="0" visitedMethods="1" numMethods="1" />
              <MetadataToken>100663318</MetadataToken>
              <Name>System.Void cMovementTest.cEnvironmentTest::T_IsPotentialMoveOutOfBounds_Right_False()</Name>
              <FileRef uid="1" />
              <SequencePoints>
                <SequencePoint vc="1" uspid="120" ordinal="0" offset="0" sl="444" sc="9" el="444" ec="10" bec="0" bev="0" fileid="1">
                  <TrackedMethodRefs>
                    <TrackedMethodRef uid="19" vc="1" />
                  </TrackedMethodRefs>
                </SequencePoint>
                <SequencePoint vc="1" uspid="121" ordinal="1" offset="1" sl="446" sc="13" el="452" ec="15" bec="0" bev="0" fileid="1">
                  <TrackedMethodRefs>
                    <TrackedMethodRef uid="19" vc="1" />
                  </TrackedMethodRefs>
                </SequencePoint>
                <SequencePoint vc="1" uspid="122" ordinal="2" offset="20" sl="453" sc="13" el="453" ec="78" bec="0" bev="0" fileid="1">
                  <TrackedMethodRefs>
                    <TrackedMethodRef uid="19" vc="1" />
                  </TrackedMethodRefs>
                </SequencePoint>
                <SequencePoint vc="1" uspid="123" ordinal="3" offset="29" sl="456" sc="13" el="456" ec="83" bec="0" bev="0" fileid="1">
                  <TrackedMethodRefs>
                    <TrackedMethodRef uid="19" vc="1" />
                  </TrackedMethodRefs>
                </SequencePoint>
                <SequencePoint vc="1" uspid="124" ordinal="4" offset="37" sl="459" sc="13" el="459" ec="43" bec="0" bev="0" fileid="1">
                  <TrackedMethodRefs>
                    <TrackedMethodRef uid="19" vc="1" />
                  </TrackedMethodRefs>
                </SequencePoint>
                <SequencePoint vc="1" uspid="125" ordinal="5" offset="44" sl="460" sc="9" el="460" ec="10" bec="0" bev="0" fileid="1">
                  <TrackedMethodRefs>
                    <TrackedMethodRef uid="19" vc="1" />
                  </TrackedMethodRefs>
                </SequencePoint>
              </SequencePoints>
              <BranchPoints />
              <MethodPoint xsi:type="SequencePoint" vc="1" uspid="120" ordinal="0" offset="0" sl="444" sc="9" el="444" ec="10" bec="0" bev="0" fileid="1">
                <TrackedMethodRefs>
                  <TrackedMethodRef uid="19" vc="1" />
                </TrackedMethodRefs>
              </MethodPoint>
            </Method>
            <Method visited="true" cyclomaticComplexity="1" nPathComplexity="0" sequenceCoverage="100" branchCoverage="100" crapScore="1" isConstructor="false" isStatic="false" isGetter="false" isSetter="false">
              <Summary numSequencePoints="6" visitedSequencePoints="6" numBranchPoints="1" visitedBranchPoints="1" sequenceCoverage="100" branchCoverage="100" maxCyclomaticComplexity="1" minCyclomaticComplexity="1" maxCrapScore="1" minCrapScore="1" visitedClasses="0" numClasses="0" visitedMethods="1" numMethods="1" />
              <MetadataToken>100663319</MetadataToken>
              <Name>System.Void cMovementTest.cEnvironmentTest::T_HasDust_Dust_True()</Name>
              <FileRef uid="1" />
              <SequencePoints>
                <SequencePoint vc="1" uspid="126" ordinal="0" offset="0" sl="464" sc="9" el="464" ec="10" bec="0" bev="0" fileid="1">
                  <TrackedMethodRefs>
                    <TrackedMethodRef uid="20" vc="1" />
                  </TrackedMethodRefs>
                </SequencePoint>
                <SequencePoint vc="1" uspid="127" ordinal="1" offset="1" sl="466" sc="13" el="472" ec="15" bec="0" bev="0" fileid="1">
                  <TrackedMethodRefs>
                    <TrackedMethodRef uid="20" vc="1" />
                  </TrackedMethodRefs>
                </SequencePoint>
                <SequencePoint vc="1" uspid="128" ordinal="2" offset="20" sl="473" sc="13" el="473" ec="78" bec="0" bev="0" fileid="1">
                  <TrackedMethodRefs>
                    <TrackedMethodRef uid="20" vc="1" />
                  </TrackedMethodRefs>
                </SequencePoint>
                <SequencePoint vc="1" uspid="129" ordinal="3" offset="29" sl="476" sc="13" el="476" ec="44" bec="0" bev="0" fileid="1">
                  <TrackedMethodRefs>
                    <TrackedMethodRef uid="20" vc="1" />
                  </TrackedMethodRefs>
                </SequencePoint>
                <SequencePoint vc="1" uspid="130" ordinal="4" offset="36" sl="479" sc="13" el="479" ec="35" bec="0" bev="0" fileid="1">
                  <TrackedMethodRefs>
                    <TrackedMethodRef uid="20" vc="1" />
                  </TrackedMethodRefs>
                </SequencePoint>
                <SequencePoint vc="1" uspid="131" ordinal="5" offset="43" sl="481" sc="9" el="481" ec="10" bec="0" bev="0" fileid="1">
                  <TrackedMethodRefs>
                    <TrackedMethodRef uid="20" vc="1" />
                  </TrackedMethodRefs>
                </SequencePoint>
              </SequencePoints>
              <BranchPoints />
              <MethodPoint xsi:type="SequencePoint" vc="1" uspid="126" ordinal="0" offset="0" sl="464" sc="9" el="464" ec="10" bec="0" bev="0" fileid="1">
                <TrackedMethodRefs>
                  <TrackedMethodRef uid="20" vc="1" />
                </TrackedMethodRefs>
              </MethodPoint>
            </Method>
            <Method visited="true" cyclomaticComplexity="1" nPathComplexity="0" sequenceCoverage="100" branchCoverage="100" crapScore="1" isConstructor="false" isStatic="false" isGetter="false" isSetter="false">
              <Summary numSequencePoints="6" visitedSequencePoints="6" numBranchPoints="1" visitedBranchPoints="1" sequenceCoverage="100" branchCoverage="100" maxCyclomaticComplexity="1" minCyclomaticComplexity="1" maxCrapScore="1" minCrapScore="1" visitedClasses="0" numClasses="0" visitedMethods="1" numMethods="1" />
              <MetadataToken>100663320</MetadataToken>
              <Name>System.Void cMovementTest.cEnvironmentTest::T_HasDust_Both_True()</Name>
              <FileRef uid="1" />
              <SequencePoints>
                <SequencePoint vc="1" uspid="132" ordinal="0" offset="0" sl="485" sc="9" el="485" ec="10" bec="0" bev="0" fileid="1">
                  <TrackedMethodRefs>
                    <TrackedMethodRef uid="21" vc="1" />
                  </TrackedMethodRefs>
                </SequencePoint>
                <SequencePoint vc="1" uspid="133" ordinal="1" offset="1" sl="487" sc="13" el="493" ec="15" bec="0" bev="0" fileid="1">
                  <TrackedMethodRefs>
                    <TrackedMethodRef uid="21" vc="1" />
                  </TrackedMethodRefs>
                </SequencePoint>
                <SequencePoint vc="1" uspid="134" ordinal="2" offset="20" sl="494" sc="13" el="494" ec="78" bec="0" bev="0" fileid="1">
                  <TrackedMethodRefs>
                    <TrackedMethodRef uid="21" vc="1" />
                  </TrackedMethodRefs>
                </SequencePoint>
                <SequencePoint vc="1" uspid="135" ordinal="3" offset="29" sl="497" sc="13" el="497" ec="44" bec="0" bev="0" fileid="1">
                  <TrackedMethodRefs>
                    <TrackedMethodRef uid="21" vc="1" />
                  </TrackedMethodRefs>
                </SequencePoint>
                <SequencePoint vc="1" uspid="136" ordinal="4" offset="36" sl="500" sc="13" el="500" ec="35" bec="0" bev="0" fileid="1">
                  <TrackedMethodRefs>
                    <TrackedMethodRef uid="21" vc="1" />
                  </TrackedMethodRefs>
                </SequencePoint>
                <SequencePoint vc="1" uspid="137" ordinal="5" offset="43" sl="502" sc="9" el="502" ec="10" bec="0" bev="0" fileid="1">
                  <TrackedMethodRefs>
                    <TrackedMethodRef uid="21" vc="1" />
                  </TrackedMethodRefs>
                </SequencePoint>
              </SequencePoints>
              <BranchPoints />
              <MethodPoint xsi:type="SequencePoint" vc="1" uspid="132" ordinal="0" offset="0" sl="485" sc="9" el="485" ec="10" bec="0" bev="0" fileid="1">
                <TrackedMethodRefs>
                  <TrackedMethodRef uid="21" vc="1" />
                </TrackedMethodRefs>
              </MethodPoint>
            </Method>
            <Method visited="true" cyclomaticComplexity="1" nPathComplexity="0" sequenceCoverage="100" branchCoverage="100" crapScore="1" isConstructor="false" isStatic="false" isGetter="false" isSetter="false">
              <Summary numSequencePoints="6" visitedSequencePoints="6" numBranchPoints="1" visitedBranchPoints="1" sequenceCoverage="100" branchCoverage="100" maxCyclomaticComplexity="1" minCyclomaticComplexity="1" maxCrapScore="1" minCrapScore="1" visitedClasses="0" numClasses="0" visitedMethods="1" numMethods="1" />
              <MetadataToken>100663321</MetadataToken>
              <Name>System.Void cMovementTest.cEnvironmentTest::T_HasDust_BothAndDust_True()</Name>
              <FileRef uid="1" />
              <SequencePoints>
                <SequencePoint vc="1" uspid="138" ordinal="0" offset="0" sl="506" sc="9" el="506" ec="10" bec="0" bev="0" fileid="1">
                  <TrackedMethodRefs>
                    <TrackedMethodRef uid="22" vc="1" />
                  </TrackedMethodRefs>
                </SequencePoint>
                <SequencePoint vc="1" uspid="139" ordinal="1" offset="1" sl="508" sc="13" el="514" ec="15" bec="0" bev="0" fileid="1">
                  <TrackedMethodRefs>
                    <TrackedMethodRef uid="22" vc="1" />
                  </TrackedMethodRefs>
                </SequencePoint>
                <SequencePoint vc="1" uspid="140" ordinal="2" offset="20" sl="515" sc="13" el="515" ec="78" bec="0" bev="0" fileid="1">
                  <TrackedMethodRefs>
                    <TrackedMethodRef uid="22" vc="1" />
                  </TrackedMethodRefs>
                </SequencePoint>
                <SequencePoint vc="1" uspid="141" ordinal="3" offset="29" sl="518" sc="13" el="518" ec="44" bec="0" bev="0" fileid="1">
                  <TrackedMethodRefs>
                    <TrackedMethodRef uid="22" vc="1" />
                  </TrackedMethodRefs>
                </SequencePoint>
                <SequencePoint vc="1" uspid="142" ordinal="4" offset="36" sl="521" sc="13" el="521" ec="35" bec="0" bev="0" fileid="1">
                  <TrackedMethodRefs>
                    <TrackedMethodRef uid="22" vc="1" />
                  </TrackedMethodRefs>
                </SequencePoint>
                <SequencePoint vc="1" uspid="143" ordinal="5" offset="43" sl="523" sc="9" el="523" ec="10" bec="0" bev="0" fileid="1">
                  <TrackedMethodRefs>
                    <TrackedMethodRef uid="22" vc="1" />
                  </TrackedMethodRefs>
                </SequencePoint>
              </SequencePoints>
              <BranchPoints />
              <MethodPoint xsi:type="SequencePoint" vc="1" uspid="138" ordinal="0" offset="0" sl="506" sc="9" el="506" ec="10" bec="0" bev="0" fileid="1">
                <TrackedMethodRefs>
                  <TrackedMethodRef uid="22" vc="1" />
                </TrackedMethodRefs>
              </MethodPoint>
            </Method>
            <Method visited="true" cyclomaticComplexity="1" nPathComplexity="0" sequenceCoverage="100" branchCoverage="100" crapScore="1" isConstructor="false" isStatic="false" isGetter="false" isSetter="false">
              <Summary numSequencePoints="6" visitedSequencePoints="6" numBranchPoints="1" visitedBranchPoints="1" sequenceCoverage="100" branchCoverage="100" maxCyclomaticComplexity="1" minCyclomaticComplexity="1" maxCrapScore="1" minCrapScore="1" visitedClasses="0" numClasses="0" visitedMethods="1" numMethods="1" />
              <MetadataToken>100663322</MetadataToken>
              <Name>System.Void cMovementTest.cEnvironmentTest::T_HasDust_Jewel_False()</Name>
              <FileRef uid="1" />
              <SequencePoints>
                <SequencePoint vc="1" uspid="144" ordinal="0" offset="0" sl="527" sc="9" el="527" ec="10" bec="0" bev="0" fileid="1">
                  <TrackedMethodRefs>
                    <TrackedMethodRef uid="23" vc="1" />
                  </TrackedMethodRefs>
                </SequencePoint>
                <SequencePoint vc="1" uspid="145" ordinal="1" offset="1" sl="529" sc="13" el="535" ec="15" bec="0" bev="0" fileid="1">
                  <TrackedMethodRefs>
                    <TrackedMethodRef uid="23" vc="1" />
                  </TrackedMethodRefs>
                </SequencePoint>
                <SequencePoint vc="1" uspid="146" ordinal="2" offset="20" sl="536" sc="13" el="536" ec="78" bec="0" bev="0" fileid="1">
                  <TrackedMethodRefs>
                    <TrackedMethodRef uid="23" vc="1" />
                  </TrackedMethodRefs>
                </SequencePoint>
                <SequencePoint vc="1" uspid="147" ordinal="3" offset="29" sl="539" sc="13" el="539" ec="44" bec="0" bev="0" fileid="1">
                  <TrackedMethodRefs>
                    <TrackedMethodRef uid="23" vc="1" />
                  </TrackedMethodRefs>
                </SequencePoint>
                <SequencePoint vc="1" uspid="148" ordinal="4" offset="36" sl="542" sc="13" el="542" ec="36" bec="0" bev="0" fileid="1">
                  <TrackedMethodRefs>
                    <TrackedMethodRef uid="23" vc="1" />
                  </TrackedMethodRefs>
                </SequencePoint>
                <SequencePoint vc="1" uspid="149" ordinal="5" offset="43" sl="544" sc="9" el="544" ec="10" bec="0" bev="0" fileid="1">
                  <TrackedMethodRefs>
                    <TrackedMethodRef uid="23" vc="1" />
                  </TrackedMethodRefs>
                </SequencePoint>
              </SequencePoints>
              <BranchPoints />
              <MethodPoint xsi:type="SequencePoint" vc="1" uspid="144" ordinal="0" offset="0" sl="527" sc="9" el="527" ec="10" bec="0" bev="0" fileid="1">
                <TrackedMethodRefs>
                  <TrackedMethodRef uid="23" vc="1" />
                </TrackedMethodRefs>
              </MethodPoint>
            </Method>
            <Method visited="true" cyclomaticComplexity="1" nPathComplexity="0" sequenceCoverage="100" branchCoverage="100" crapScore="1" isConstructor="false" isStatic="false" isGetter="false" isSetter="false">
              <Summary numSequencePoints="6" visitedSequencePoints="6" numBranchPoints="1" visitedBranchPoints="1" sequenceCoverage="100" branchCoverage="100" maxCyclomaticComplexity="1" minCyclomaticComplexity="1" maxCrapScore="1" minCrapScore="1" visitedClasses="0" numClasses="0" visitedMethods="1" numMethods="1" />
              <MetadataToken>100663323</MetadataToken>
              <Name>System.Void cMovementTest.cEnvironmentTest::T_HasDust_None_False()</Name>
              <FileRef uid="1" />
              <SequencePoints>
                <SequencePoint vc="1" uspid="150" ordinal="0" offset="0" sl="548" sc="9" el="548" ec="10" bec="0" bev="0" fileid="1">
                  <TrackedMethodRefs>
                    <TrackedMethodRef uid="24" vc="1" />
                  </TrackedMethodRefs>
                </SequencePoint>
                <SequencePoint vc="1" uspid="151" ordinal="1" offset="1" sl="550" sc="13" el="556" ec="15" bec="0" bev="0" fileid="1">
                  <TrackedMethodRefs>
                    <TrackedMethodRef uid="24" vc="1" />
                  </TrackedMethodRefs>
                </SequencePoint>
                <SequencePoint vc="1" uspid="152" ordinal="2" offset="20" sl="557" sc="13" el="557" ec="78" bec="0" bev="0" fileid="1">
                  <TrackedMethodRefs>
                    <TrackedMethodRef uid="24" vc="1" />
                  </TrackedMethodRefs>
                </SequencePoint>
                <SequencePoint vc="1" uspid="153" ordinal="3" offset="29" sl="560" sc="13" el="560" ec="44" bec="0" bev="0" fileid="1">
                  <TrackedMethodRefs>
                    <TrackedMethodRef uid="24" vc="1" />
                  </TrackedMethodRefs>
                </SequencePoint>
                <SequencePoint vc="1" uspid="154" ordinal="4" offset="36" sl="563" sc="13" el="563" ec="36" bec="0" bev="0" fileid="1">
                  <TrackedMethodRefs>
                    <TrackedMethodRef uid="24" vc="1" />
                  </TrackedMethodRefs>
                </SequencePoint>
                <SequencePoint vc="1" uspid="155" ordinal="5" offset="43" sl="565" sc="9" el="565" ec="10" bec="0" bev="0" fileid="1">
                  <TrackedMethodRefs>
                    <TrackedMethodRef uid="24" vc="1" />
                  </TrackedMethodRefs>
                </SequencePoint>
              </SequencePoints>
              <BranchPoints />
              <MethodPoint xsi:type="SequencePoint" vc="1" uspid="150" ordinal="0" offset="0" sl="548" sc="9" el="548" ec="10" bec="0" bev="0" fileid="1">
                <TrackedMethodRefs>
                  <TrackedMethodRef uid="24" vc="1" />
                </TrackedMethodRefs>
              </MethodPoint>
            </Method>
            <Method visited="true" cyclomaticComplexity="1" nPathComplexity="0" sequenceCoverage="100" branchCoverage="100" crapScore="1" isConstructor="false" isStatic="false" isGetter="false" isSetter="false">
              <Summary numSequencePoints="6" visitedSequencePoints="6" numBranchPoints="1" visitedBranchPoints="1" sequenceCoverage="100" branchCoverage="100" maxCyclomaticComplexity="1" minCyclomaticComplexity="1" maxCrapScore="1" minCrapScore="1" visitedClasses="0" numClasses="0" visitedMethods="1" numMethods="1" />
              <MetadataToken>100663324</MetadataToken>
              <Name>System.Void cMovementTest.cEnvironmentTest::T_GetAgentLocationStatus_Jewel()</Name>
              <FileRef uid="1" />
              <SequencePoints>
                <SequencePoint vc="1" uspid="156" ordinal="0" offset="0" sl="569" sc="9" el="569" ec="10" bec="0" bev="0" fileid="1">
                  <TrackedMethodRefs>
                    <TrackedMethodRef uid="25" vc="1" />
                  </TrackedMethodRefs>
                </SequencePoint>
                <SequencePoint vc="1" uspid="157" ordinal="1" offset="1" sl="571" sc="13" el="577" ec="15" bec="0" bev="0" fileid="1">
                  <TrackedMethodRefs>
                    <TrackedMethodRef uid="25" vc="1" />
                  </TrackedMethodRefs>
                </SequencePoint>
                <SequencePoint vc="1" uspid="158" ordinal="2" offset="20" sl="578" sc="13" el="578" ec="78" bec="0" bev="0" fileid="1">
                  <TrackedMethodRefs>
                    <TrackedMethodRef uid="25" vc="1" />
                  </TrackedMethodRefs>
                </SequencePoint>
                <SequencePoint vc="1" uspid="159" ordinal="3" offset="29" sl="581" sc="13" el="581" ec="59" bec="0" bev="0" fileid="1">
                  <TrackedMethodRefs>
                    <TrackedMethodRef uid="25" vc="1" />
                  </TrackedMethodRefs>
                </SequencePoint>
                <SequencePoint vc="1" uspid="160" ordinal="4" offset="36" sl="584" sc="13" el="584" ec="42" bec="0" bev="0" fileid="1">
                  <TrackedMethodRefs>
                    <TrackedMethodRef uid="25" vc="1" />
                  </TrackedMethodRefs>
                </SequencePoint>
                <SequencePoint vc="1" uspid="161" ordinal="5" offset="45" sl="586" sc="9" el="586" ec="10" bec="0" bev="0" fileid="1">
                  <TrackedMethodRefs>
[...]
                  <TrackedMethodRefs>
                    <TrackedMethodRef uid="1" vc="2" />
                    <TrackedMethodRef uid="2" vc="2" />
                    <TrackedMethodRef uid="27" vc="1" />
                    <TrackedMethodRef uid="26" vc="1" />
                    <TrackedMethodRef uid="25" vc="1" />
                    <TrackedMethodRef uid="28" vc="1" />
                    <TrackedMethodRef uid="22" vc="1" />
                    <TrackedMethodRef uid="21" vc="1" />
                    <TrackedMethodRef uid="20" vc="1" />
                    <TrackedMethodRef uid="23" vc="1" />
                    <TrackedMethodRef uid="24" vc="1" />
                    <TrackedMethodRef uid="3" vc="1" />
                    <TrackedMethodRef uid="15" vc="2" />
                    <TrackedMethodRef uid="14" vc="2" />
                    <TrackedMethodRef uid="17" vc="2" />
                    <TrackedMethodRef uid="16" vc="2" />
                    <TrackedMethodRef uid="19" vc="2" />
                    <TrackedMethodRef uid="18" vc="2" />
                    <TrackedMethodRef uid="13" vc="2" />
                    <TrackedMethodRef uid="12" vc="2" />
                    <TrackedMethodRef uid="11" vc="1" />
                    <TrackedMethodRef uid="9" vc="1" />
                    <TrackedMethodRef uid="8" vc="1" />
                    <TrackedMethodRef uid="10" vc="1" />
                    <TrackedMethodRef uid="4" vc="1" />
                    <TrackedMethodRef uid="5" vc="1" />
                    <TrackedMethodRef uid="7" vc="1" />
                    <TrackedMethodRef uid="6" vc="1" />
                  </TrackedMethodRefs>
                </SequencePoint>
              </SequencePoints>
              <BranchPoints />
              <MethodPoint xsi:type="SequencePoint" vc="38" uspid="428" ordinal="0" offset="0" sl="24" sc="9" el="24" ec="36" bec="0" bev="0" fileid="7">
                <TrackedMethodRefs>
                  <TrackedMethodRef uid="1" vc="2" />
                  <TrackedMethodRef uid="2" vc="2" />
                  <TrackedMethodRef uid="27" vc="1" />
                  <TrackedMethodRef uid="26" vc="1" />
                  <TrackedMethodRef uid="25" vc="1" />
                  <TrackedMethodRef uid="28" vc="1" />
                  <TrackedMethodRef uid="22" vc="1" />
                  <TrackedMethodRef uid="21" vc="1" />
                  <TrackedMethodRef uid="20" vc="1" />
                  <TrackedMethodRef uid="23" vc="1" />
                  <TrackedMethodRef uid="24" vc="1" />
                  <TrackedMethodRef uid="3" vc="1" />
                  <TrackedMethodRef uid="15" vc="2" />
                  <TrackedMethodRef uid="14" vc="2" />
                  <TrackedMethodRef uid="17" vc="2" />
                  <TrackedMethodRef uid="16" vc="2" />
                  <TrackedMethodRef uid="19" vc="2" />
                  <TrackedMethodRef uid="18" vc="2" />
                  <TrackedMethodRef uid="13" vc="2" />
                  <TrackedMethodRef uid="12" vc="2" />
                  <TrackedMethodRef uid="11" vc="1" />
                  <TrackedMethodRef uid="9" vc="1" />
                  <TrackedMethodRef uid="8" vc="1" />
                  <TrackedMethodRef uid="10" vc="1" />
                  <TrackedMethodRef uid="4" vc="1" />
                  <TrackedMethodRef uid="5" vc="1" />
                  <TrackedMethodRef uid="7" vc="1" />
                  <TrackedMethodRef uid="6" vc="1" />
                </TrackedMethodRefs>
              </MethodPoint>
            </Method>
            <Method visited="false" cyclomaticComplexity="1" nPathComplexity="0" sequenceCoverage="0" branchCoverage="0" crapScore="2" isConstructor="false" isStatic="false" isGetter="false" isSetter="false">
              <Summary numSequencePoints="2" visitedSequencePoints="0" numBranchPoints="1" visitedBranchPoints="0" sequenceCoverage="0" branchCoverage="0" maxCyclomaticComplexity="1" minCyclomaticComplexity="1" maxCrapScore="2" minCrapScore="2" visitedClasses="0" numClasses="0" visitedMethods="0" numMethods="1" />
              <MetadataToken>100663324</MetadataToken>
              <Name>System.Void AI_TD1.cSmartAgent::moveAgent(AI_TD1.cEnvironment)</Name>
              <FileRef uid="7" />
              <SequencePoints>
                <SequencePoint vc="0" uspid="432" ordinal="0" offset="0" sl="73" sc="9" el="73" ec="10" bec="0" bev="0" fileid="7" />
                <SequencePoint vc="0" uspid="433" ordinal="1" offset="1" sl="75" sc="9" el="75" ec="10" bec="0" bev="0" fileid="7" />
              </SequencePoints>
              <BranchPoints />
              <MethodPoint xsi:type="SequencePoint" vc="0" uspid="432" ordinal="0" offset="0" sl="73" sc="9" el="73" ec="10" bec="0" bev="0" fileid="7" />
            </Method>
            <Method visited="false" cyclomaticComplexity="4" nPathComplexity="4" sequenceCoverage="0" branchCoverage="0" crapScore="20" isConstructor="false" isStatic="false" isGetter="false" isSetter="false">
              <Summary numSequencePoints="25" visitedSequencePoints="0" numBranchPoints="5" visitedBranchPoints="0" sequenceCoverage="0" branchCoverage="0" maxCyclomaticComplexity="4" minCyclomaticComplexity="4" maxCrapScore="20" minCrapScore="20" visitedClasses="0" numClasses="0" visitedMethods="0" numMethods="1" />
              <MetadataToken>100663325</MetadataToken>
              <Name>System.Collections.Generic.List`1&lt;AI_TD1.cAction&gt; AI_TD1.cSmartAgent::RecursiveDS(System.Collections.Generic.List`1&lt;AI_TD1.cAction&gt;,AI_TD1.cEnvironment)</Name>
              <FileRef uid="7" />
              <SequencePoints>
                <SequencePoint vc="0" uspid="434" ordinal="0" offset="0" sl="78" sc="9" el="78" ec="10" bec="0" bev="0" fileid="7" />
                <SequencePoint vc="0" uspid="435" ordinal="1" offset="1" sl="81" sc="13" el="81" ec="44" bec="2" bev="0" fileid="7" />
                <SequencePoint vc="0" uspid="436" ordinal="2" offset="16" sl="82" sc="13" el="82" ec="14" bec="0" bev="0" fileid="7" />
                <SequencePoint vc="0" uspid="437" ordinal="3" offset="17" sl="83" sc="17" el="83" ec="37" bec="0" bev="0" fileid="7" />
                <SequencePoint vc="0" uspid="438" ordinal="4" offset="25" sl="86" sc="13" el="86" ec="61" bec="0" bev="0" fileid="7" />
                <SequencePoint vc="0" uspid="439" ordinal="5" offset="27" sl="87" sc="13" el="87" ec="54" bec="0" bev="0" fileid="7" />
                <SequencePoint vc="0" uspid="440" ordinal="6" offset="34" sl="89" sc="13" el="89" ec="91" bec="0" bev="0" fileid="7" />
                <SequencePoint vc="0" uspid="441" ordinal="7" offset="43" sl="92" sc="13" el="92" ec="38" bec="0" bev="0" fileid="7" />
                <SequencePoint vc="0" uspid="442" ordinal="8" offset="50" sl="93" sc="13" el="93" ec="20" bec="0" bev="0" fileid="7" />
                <SequencePoint vc="0" uspid="443" ordinal="9" offset="51" sl="93" sc="38" el="93" ec="52" bec="0" bev="0" fileid="7" />
                <SequencePoint vc="0" uspid="444" ordinal="10" offset="61" sl="93" sc="22" el="93" ec="34" bec="0" bev="0" fileid="7" />
                <SequencePoint vc="0" uspid="445" ordinal="11" offset="70" sl="94" sc="13" el="94" ec="14" bec="0" bev="0" fileid="7" />
                <SequencePoint vc="0" uspid="446" ordinal="12" offset="71" sl="95" sc="17" el="95" ec="55" bec="0" bev="0" fileid="7" />
                <SequencePoint vc="0" uspid="447" ordinal="13" offset="74" sl="96" sc="17" el="96" ec="36" bec="0" bev="0" fileid="7" />
                <SequencePoint vc="0" uspid="448" ordinal="14" offset="84" sl="98" sc="17" el="98" ec="85" bec="0" bev="0" fileid="7" />
                <SequencePoint vc="0" uspid="449" ordinal="15" offset="95" sl="99" sc="17" el="99" ec="51" bec="0" bev="0" fileid="7" />
                <SequencePoint vc="0" uspid="450" ordinal="16" offset="109" sl="101" sc="17" el="101" ec="41" bec="2" bev="0" fileid="7" />
                <SequencePoint vc="0" uspid="451" ordinal="17" offset="121" sl="102" sc="17" el="102" ec="18" bec="0" bev="0" fileid="7" />
                <SequencePoint vc="0" uspid="452" ordinal="18" offset="122" sl="103" sc="21" el="103" ec="43" bec="0" bev="0" fileid="7" />
                <SequencePoint vc="0" uspid="453" ordinal="19" offset="126" sl="104" sc="21" el="104" ec="59" bec="0" bev="0" fileid="7" />
                <SequencePoint vc="0" uspid="454" ordinal="20" offset="140" sl="105" sc="17" el="105" ec="18" bec="0" bev="0" fileid="7" />
                <SequencePoint vc="0" uspid="455" ordinal="21" offset="141" sl="106" sc="13" el="106" ec="14" bec="0" bev="0" fileid="7" />
                <SequencePoint vc="0" uspid="456" ordinal="22" offset="142" sl="93" sc="35" el="93" ec="37" bec="0" bev="0" fileid="7" />
                <SequencePoint vc="0" uspid="457" ordinal="23" offset="168" sl="107" sc="13" el="107" ec="40" bec="0" bev="0" fileid="7" />
                <SequencePoint vc="0" uspid="458" ordinal="24" offset="177" sl="108" sc="9" el="108" ec="10" bec="0" bev="0" fileid="7" />
              </SequencePoints>
              <BranchPoints>
                <BranchPoint vc="0" uspid="459" ordinal="0" offset="14" sl="81" path="0" offsetend="16" fileid="7" />
                <BranchPoint vc="0" uspid="460" ordinal="1" offset="14" sl="81" path="1" offsetend="25" fileid="7" />
                <BranchPoint vc="0" uspid="461" ordinal="2" offset="119" sl="101" path="0" offsetend="121" fileid="7" />
                <BranchPoint vc="0" uspid="462" ordinal="3" offset="119" sl="101" path="1" offsetend="141" fileid="7" />
              </BranchPoints>
              <MethodPoint xsi:type="SequencePoint" vc="0" uspid="434" ordinal="0" offset="0" sl="78" sc="9" el="78" ec="10" bec="0" bev="0" fileid="7" />
            </Method>
            <Method visited="false" cyclomaticComplexity="8" nPathComplexity="128" sequenceCoverage="0" branchCoverage="0" crapScore="72" isConstructor="false" isStatic="false" isGetter="false" isSetter="false">
              <Summary numSequencePoints="42" visitedSequencePoints="0" numBranchPoints="15" visitedBranchPoints="0" sequenceCoverage="0" branchCoverage="0" maxCyclomaticComplexity="8" minCyclomaticComplexity="8" maxCrapScore="72" minCrapScore="72" visitedClasses="0" numClasses="0" visitedMethods="0" numMethods="1" />
              <MetadataToken>100663326</MetadataToken>
              <Name>System.Collections.Generic.List`1&lt;AI_TD1.cAction&gt; AI_TD1.cSmartAgent::FindValidActions(AI_TD1.cAction,AI_TD1.cEnvironment)</Name>
              <FileRef uid="7" />
              <SequencePoints>
                <SequencePoint vc="0" uspid="465" ordinal="0" offset="0" sl="111" sc="9" el="111" ec="10" bec="0" bev="0" fileid="7" />
                <SequencePoint vc="0" uspid="466" ordinal="1" offset="1" sl="112" sc="13" el="112" ec="29" bec="0" bev="0" fileid="7" />
                <SequencePoint vc="0" uspid="467" ordinal="2" offset="3" sl="116" sc="13" el="116" ec="64" bec="0" bev="0" fileid="7" />
                <SequencePoint vc="0" uspid="468" ordinal="3" offset="9" sl="118" sc="13" el="118" ec="63" bec="2" bev="0" fileid="7" />
                <SequencePoint vc="0" uspid="469" ordinal="4" offset="25" sl="119" sc="13" el="119" ec="14" bec="0" bev="0" fileid="7" />
                <SequencePoint vc="0" uspid="470" ordinal="5" offset="26" sl="121" sc="17" el="121" ec="103" bec="0" bev="0" fileid="7" />
                <SequencePoint vc="0" uspid="471" ordinal="6" offset="44" sl="122" sc="17" el="122" ec="93" bec="0" bev="0" fileid="7" />
                <SequencePoint vc="0" uspid="472" ordinal="7" offset="60" sl="123" sc="17" el="123" ec="50" bec="0" bev="0" fileid="7" />
                <SequencePoint vc="0" uspid="473" ordinal="8" offset="69" sl="124" sc="17" el="124" ec="50" bec="0" bev="0" fileid="7" />
                <SequencePoint vc="0" uspid="474" ordinal="9" offset="78" sl="125" sc="13" el="125" ec="14" bec="0" bev="0" fileid="7" />
                <SequencePoint vc="0" uspid="475" ordinal="10" offset="79" sl="127" sc="13" el="127" ec="63" bec="2" bev="0" fileid="7" />
                <SequencePoint vc="0" uspid="476" ordinal="11" offset="95" sl="128" sc="13" el="128" ec="14" bec="0" bev="0" fileid="7" />
                <SequencePoint vc="0" uspid="477" ordinal="12" offset="96" sl="129" sc="17" el="129" ec="93" bec="0" bev="0" fileid="7" />
                <SequencePoint vc="0" uspid="478" ordinal="13" offset="112" sl="130" sc="17" el="130" ec="50" bec="0" bev="0" fileid="7" />
                <SequencePoint vc="0" uspid="479" ordinal="14" offset="121" sl="131" sc="13" el="131" ec="14" bec="0" bev="0" fileid="7" />
                <SequencePoint vc="0" uspid="480" ordinal="15" offset="122" sl="133" sc="13" el="133" ec="63" bec="2" bev="0" fileid="7" />
                <SequencePoint vc="0" uspid="481" ordinal="16" offset="138" sl="134" sc="13" el="134" ec="14" bec="0" bev="0" fileid="7" />
                <SequencePoint vc="0" uspid="482" ordinal="17" offset="139" sl="135" sc="17" el="135" ec="93" bec="0" bev="0" fileid="7" />
                <SequencePoint vc="0" uspid="483" ordinal="18" offset="155" sl="136" sc="17" el="136" ec="50" bec="0" bev="0" fileid="7" />
                <SequencePoint vc="0" uspid="484" ordinal="19" offset="164" sl="137" sc="13" el="137" ec="14" bec="0" bev="0" fileid="7" />
                <SequencePoint vc="0" uspid="485" ordinal="20" offset="165" sl="139" sc="13" el="139" ec="89" bec="0" bev="0" fileid="7" />
                <SequencePoint vc="0" uspid="486" ordinal="21" offset="180" sl="140" sc="13" el="140" ec="87" bec="2" bev="0" fileid="7" />
                <SequencePoint vc="0" uspid="487" ordinal="22" offset="201" sl="141" sc="13" el="141" ec="14" bec="0" bev="0" fileid="7" />
                <SequencePoint vc="0" uspid="488" ordinal="23" offset="202" sl="142" sc="17" el="142" ec="51" bec="0" bev="0" fileid="7" />
                <SequencePoint vc="0" uspid="489" ordinal="24" offset="210" sl="143" sc="13" el="143" ec="14" bec="0" bev="0" fileid="7" />
                <SequencePoint vc="0" uspid="490" ordinal="25" offset="211" sl="145" sc="13" el="145" ec="87" bec="0" bev="0" fileid="7" />
                <SequencePoint vc="0" uspid="491" ordinal="26" offset="226" sl="146" sc="13" el="146" ec="86" bec="2" bev="0" fileid="7" />
                <SequencePoint vc="0" uspid="492" ordinal="27" offset="247" sl="147" sc="13" el="147" ec="14" bec="0" bev="0" fileid="7" />
                <SequencePoint vc="0" uspid="493" ordinal="28" offset="248" sl="148" sc="17" el="148" ec="50" bec="0" bev="0" fileid="7" />
                <SequencePoint vc="0" uspid="494" ordinal="29" offset="256" sl="149" sc="13" el="149" ec="14" bec="0" bev="0" fileid="7" />
                <SequencePoint vc="0" uspid="495" ordinal="30" offset="257" sl="151" sc="13" el="151" ec="87" bec="0" bev="0" fileid="7" />
                <SequencePoint vc="0" uspid="496" ordinal="31" offset="273" sl="152" sc="13" el="152" ec="86" bec="2" bev="0" fileid="7" />
                <SequencePoint vc="0" uspid="497" ordinal="32" offset="295" sl="153" sc="13" el="153" ec="14" bec="0" bev="0" fileid="7" />
                <SequencePoint vc="0" uspid="498" ordinal="33" offset="296" sl="154" sc="17" el="154" ec="50" bec="0" bev="0" fileid="7" />
                <SequencePoint vc="0" uspid="499" ordinal="34" offset="305" sl="155" sc="13" el="155" ec="14" bec="0" bev="0" fileid="7" />
                <SequencePoint vc="0" uspid="500" ordinal="35" offset="306" sl="157" sc="13" el="157" ec="83" bec="0" bev="0" fileid="7" />
                <SequencePoint vc="0" uspid="501" ordinal="36" offset="322" sl="158" sc="13" el="158" ec="84" bec="2" bev="0" fileid="7" />
                <SequencePoint vc="0" uspid="502" ordinal="37" offset="344" sl="159" sc="13" el="159" ec="14" bec="0" bev="0" fileid="7" />
                <SequencePoint vc="0" uspid="503" ordinal="38" offset="345" sl="160" sc="17" el="160" ec="48" bec="0" bev="0" fileid="7" />
                <SequencePoint vc="0" uspid="504" ordinal="39" offset="354" sl="161" sc="13" el="161" ec="14" bec="0" bev="0" fileid="7" />
                <SequencePoint vc="0" uspid="505" ordinal="40" offset="355" sl="163" sc="13" el="163" ec="35" bec="0" bev="0" fileid="7" />
                <SequencePoint vc="0" uspid="506" ordinal="41" offset="360" sl="164" sc="9" el="164" ec="10" bec="0" bev="0" fileid="7" />
              </SequencePoints>
              <BranchPoints>
                <BranchPoint vc="0" uspid="507" ordinal="0" offset="23" sl="118" path="0" offsetend="25" fileid="7" />
                <BranchPoint vc="0" uspid="508" ordinal="1" offset="23" sl="118" path="1" offsetend="79" fileid="7" />
                <BranchPoint vc="0" uspid="509" ordinal="2" offset="93" sl="127" path="0" offsetend="95" fileid="7" />
                <BranchPoint vc="0" uspid="510" ordinal="3" offset="93" sl="127" path="1" offsetend="122" fileid="7" />
                <BranchPoint vc="0" uspid="511" ordinal="4" offset="136" sl="133" path="0" offsetend="138" fileid="7" />
                <BranchPoint vc="0" uspid="512" ordinal="5" offset="136" sl="133" path="1" offsetend="165" fileid="7" />
                <BranchPoint vc="0" uspid="513" ordinal="6" offset="199" sl="140" path="0" offsetend="201" fileid="7" />
                <BranchPoint vc="0" uspid="514" ordinal="7" offset="199" sl="140" path="1" offsetend="211" fileid="7" />
                <BranchPoint vc="0" uspid="515" ordinal="8" offset="245" sl="146" path="0" offsetend="247" fileid="7" />
                <BranchPoint vc="0" uspid="516" ordinal="9" offset="245" sl="146" path="1" offsetend="257" fileid="7" />
                <BranchPoint vc="0" uspid="517" ordinal="10" offset="293" sl="152" path="0" offsetend="295" fileid="7" />
                <BranchPoint vc="0" uspid="518" ordinal="11" offset="293" sl="152" path="1" offsetend="306" fileid="7" />
                <BranchPoint vc="0" uspid="519" ordinal="12" offset="342" sl="158" path="0" offsetend="344" fileid="7" />
                <BranchPoint vc="0" uspid="520" ordinal="13" offset="342" sl="158" path="1" offsetend="355" fileid="7" />
              </BranchPoints>
              <MethodPoint xsi:type="SequencePoint" vc="0" uspid="465" ordinal="0" offset="0" sl="111" sc="9" el="111" ec="10" bec="0" bev="0" fileid="7" />
            </Method>
            <Method visited="true" cyclomaticComplexity="1" nPathComplexity="0" sequenceCoverage="100" branchCoverage="100" crapScore="1" isConstructor="true" isStatic="true" isGetter="false" isSetter="false">
              <Summary numSequencePoints="1" visitedSequencePoints="1" numBranchPoints="1" visitedBranchPoints="1" sequenceCoverage="100" branchCoverage="100" maxCyclomaticComplexity="1" minCyclomaticComplexity="1" maxCrapScore="1" minCrapScore="1" visitedClasses="0" numClasses="0" visitedMethods="1" numMethods="1" />
              <MetadataToken>100663327</MetadataToken>
              <Name>System.Void AI_TD1.cSmartAgent::.cctor()</Name>
              <FileRef uid="7" />
              <SequencePoints>
                <SequencePoint vc="1" uspid="521" ordinal="0" offset="0" sl="22" sc="9" el="22" ec="50" bec="0" bev="0" fileid="7">
                  <TrackedMethodRefs>
                    <TrackedMethodRef uid="1" vc="1" />
                  </TrackedMethodRefs>
                </SequencePoint>
              </SequencePoints>
              <BranchPoints />
              <MethodPoint xsi:type="SequencePoint" vc="1" uspid="521" ordinal="0" offset="0" sl="22" sc="9" el="22" ec="50" bec="0" bev="0" fileid="7">
                <TrackedMethodRefs>
                  <TrackedMethodRef uid="1" vc="1" />
                </TrackedMethodRefs>
              </MethodPoint>
            </Method>
          </Methods>
        </Class>
      </Classes>
      <TrackedMethods />
    </Module>
  </Modules>
</CoverageSession>